2024-11-10 11:51:56.250 [info] [main] Log level: Info
2024-11-10 11:51:56.250 [info] [main] Validating found git in: "git"
2024-11-10 11:51:56.250 [info] [main] Using git "1.8.3.1" from "git"
2024-11-10 11:51:56.250 [info] [Model][doInitialScan] Initial repository scan started
2024-11-10 11:51:56.250 [warning] [Model][traverseWorkspaceFolder] Unable to read workspace folder '/home/anmeng': Error: EACCES: permission denied, scandir '/home/anmeng'
2024-11-10 11:51:56.250 [warning] [Model][traverseWorkspaceFolder] Unable to read workspace folder '/home/chenzh': Error: EACCES: permission denied, scandir '/home/chenzh'
2024-11-10 11:51:56.250 [warning] [Model][traverseWorkspaceFolder] Unable to read workspace folder '/home/cuigx': Error: EACCES: permission denied, scandir '/home/cuigx'
2024-11-10 11:51:56.250 [warning] [Model][traverseWorkspaceFolder] Unable to read workspace folder '/home/fangg': Error: EACCES: permission denied, scandir '/home/fangg'
2024-11-10 11:51:56.250 [warning] [Model][traverseWorkspaceFolder] Unable to read workspace folder '/home/fengshuo2': Error: EACCES: permission denied, scandir '/home/fengshuo2'
2024-11-10 11:51:56.250 [warning] [Model][traverseWorkspaceFolder] Unable to read workspace folder '/home/gaozhe': Error: EACCES: permission denied, scandir '/home/gaozhe'
2024-11-10 11:51:56.250 [warning] [Model][traverseWorkspaceFolder] Unable to read workspace folder '/home/genggn': Error: EACCES: permission denied, scandir '/home/genggn'
2024-11-10 11:51:56.250 [warning] [Model][traverseWorkspaceFolder] Unable to read workspace folder '/home/hekb': Error: EACCES: permission denied, scandir '/home/hekb'
2024-11-10 11:51:56.250 [warning] [Model][traverseWorkspaceFolder] Unable to read workspace folder '/home/hezhuox': Error: EACCES: permission denied, scandir '/home/hezhuox'
2024-11-10 11:51:56.250 [warning] [Model][traverseWorkspaceFolder] Unable to read workspace folder '/home/huangsling': Error: EACCES: permission denied, scandir '/home/huangsling'
2024-11-10 11:51:56.250 [warning] [Model][traverseWorkspaceFolder] Unable to read workspace folder '/home/hufanghao': Error: EACCES: permission denied, scandir '/home/hufanghao'
2024-11-10 11:51:56.250 [warning] [Model][traverseWorkspaceFolder] Unable to read workspace folder '/home/huhansh': Error: EACCES: permission denied, scandir '/home/huhansh'
2024-11-10 11:51:56.250 [warning] [Model][traverseWorkspaceFolder] Unable to read workspace folder '/home/huhansh1': Error: EACCES: permission denied, scandir '/home/huhansh1'
2024-11-10 11:51:56.250 [warning] [Model][traverseWorkspaceFolder] Unable to read workspace folder '/home/huhansh4': Error: EACCES: permission denied, scandir '/home/huhansh4'
2024-11-10 11:51:56.250 [warning] [Model][traverseWorkspaceFolder] Unable to read workspace folder '/home/jiaqs': Error: EACCES: permission denied, scandir '/home/jiaqs'
2024-11-10 11:51:56.250 [warning] [Model][traverseWorkspaceFolder] Unable to read workspace folder '/home/junli': Error: EACCES: permission denied, scandir '/home/junli'
2024-11-10 11:51:56.250 [warning] [Model][traverseWorkspaceFolder] Unable to read workspace folder '/home/liukaichem': Error: EACCES: permission denied, scandir '/home/liukaichem'
2024-11-10 11:51:56.250 [warning] [Model][traverseWorkspaceFolder] Unable to read workspace folder '/home/liuyan': Error: EACCES: permission denied, scandir '/home/liuyan'
2024-11-10 11:51:56.254 [warning] [Model][traverseWorkspaceFolder] Unable to read workspace folder '/home/liuyingh': Error: EACCES: permission denied, scandir '/home/liuyingh'
2024-11-10 11:51:56.255 [warning] [Model][traverseWorkspaceFolder] Unable to read workspace folder '/home/liuyq': Error: EACCES: permission denied, scandir '/home/liuyq'
2024-11-10 11:51:56.256 [warning] [Model][traverseWorkspaceFolder] Unable to read workspace folder '/home/liuzhaow': Error: EACCES: permission denied, scandir '/home/liuzhaow'
2024-11-10 11:51:56.256 [warning] [Model][traverseWorkspaceFolder] Unable to read workspace folder '/home/liwei': Error: EACCES: permission denied, scandir '/home/liwei'
2024-11-10 11:51:56.257 [warning] [Model][traverseWorkspaceFolder] Unable to read workspace folder '/home/luosz': Error: EACCES: permission denied, scandir '/home/luosz'
2024-11-10 11:51:56.257 [warning] [Model][traverseWorkspaceFolder] Unable to read workspace folder '/home/luoxw': Error: EACCES: permission denied, scandir '/home/luoxw'
2024-11-10 11:51:56.258 [warning] [Model][traverseWorkspaceFolder] Unable to read workspace folder '/home/luwei': Error: EACCES: permission denied, scandir '/home/luwei'
2024-11-10 11:51:56.258 [warning] [Model][traverseWorkspaceFolder] Unable to read workspace folder '/home/luxi': Error: EACCES: permission denied, scandir '/home/luxi'
2024-11-10 11:51:56.258 [warning] [Model][traverseWorkspaceFolder] Unable to read workspace folder '/home/maty': Error: EACCES: permission denied, scandir '/home/maty'
2024-11-10 11:51:56.259 [warning] [Model][traverseWorkspaceFolder] Unable to read workspace folder '/home/maxiaoy': Error: EACCES: permission denied, scandir '/home/maxiaoy'
2024-11-10 11:51:56.259 [warning] [Model][traverseWorkspaceFolder] Unable to read workspace folder '/home/mrwang': Error: EACCES: permission denied, scandir '/home/mrwang'
2024-11-10 11:51:56.260 [warning] [Model][traverseWorkspaceFolder] Unable to read workspace folder '/home/nuwcx': Error: EACCES: permission denied, scandir '/home/nuwcx'
2024-11-10 11:51:56.260 [warning] [Model][traverseWorkspaceFolder] Unable to read workspace folder '/home/panpeng': Error: EACCES: permission denied, scandir '/home/panpeng'
2024-11-10 11:51:56.261 [warning] [Model][traverseWorkspaceFolder] Unable to read workspace folder '/home/qiaoj': Error: EACCES: permission denied, scandir '/home/qiaoj'
2024-11-10 11:51:56.261 [warning] [Model][traverseWorkspaceFolder] Unable to read workspace folder '/home/shishz': Error: EACCES: permission denied, scandir '/home/shishz'
2024-11-10 11:51:56.261 [warning] [Model][traverseWorkspaceFolder] Unable to read workspace folder '/home/shqy': Error: EACCES: permission denied, scandir '/home/shqy'
2024-11-10 11:51:56.262 [warning] [Model][traverseWorkspaceFolder] Unable to read workspace folder '/home/sucm': Error: EACCES: permission denied, scandir '/home/sucm'
2024-11-10 11:51:56.264 [warning] [Model][traverseWorkspaceFolder] Unable to read workspace folder '/home/sunhb': Error: EACCES: permission denied, scandir '/home/sunhb'
2024-11-10 11:51:56.264 [warning] [Model][traverseWorkspaceFolder] Unable to read workspace folder '/home/thuscc24team01': Error: EACCES: permission denied, scandir '/home/thuscc24team01'
2024-11-10 11:51:56.266 [warning] [Model][traverseWorkspaceFolder] Unable to read workspace folder '/home/thuscc24team24': Error: EACCES: permission denied, scandir '/home/thuscc24team24'
2024-11-10 11:51:56.266 [warning] [Model][traverseWorkspaceFolder] Unable to read workspace folder '/home/thuscc24team25': Error: EACCES: permission denied, scandir '/home/thuscc24team25'
2024-11-10 11:51:56.266 [warning] [Model][traverseWorkspaceFolder] Unable to read workspace folder '/home/thuscc24team27': Error: EACCES: permission denied, scandir '/home/thuscc24team27'
2024-11-10 11:51:56.271 [warning] [Model][traverseWorkspaceFolder] Unable to read workspace folder '/home/tianfq': Error: EACCES: permission denied, scandir '/home/tianfq'
2024-11-10 11:51:56.271 [warning] [Model][traverseWorkspaceFolder] Unable to read workspace folder '/home/tongdan': Error: EACCES: permission denied, scandir '/home/tongdan'
2024-11-10 11:51:56.271 [warning] [Model][traverseWorkspaceFolder] Unable to read workspace folder '/home/wangcw': Error: EACCES: permission denied, scandir '/home/wangcw'
2024-11-10 11:51:56.272 [warning] [Model][traverseWorkspaceFolder] Unable to read workspace folder '/home/wanglei': Error: EACCES: permission denied, scandir '/home/wanglei'
2024-11-10 11:51:56.273 [warning] [Model][traverseWorkspaceFolder] Unable to read workspace folder '/home/wangtf': Error: EACCES: permission denied, scandir '/home/wangtf'
2024-11-10 11:51:56.274 [warning] [Model][traverseWorkspaceFolder] Unable to read workspace folder '/home/wangxun': Error: EACCES: permission denied, scandir '/home/wangxun'
2024-11-10 11:51:56.280 [info] > git rev-parse --show-toplevel [45ms]
2024-11-10 11:51:56.303 [info] fatal: Not a git repository (or any parent up to mount point /home)
Stopping at filesystem boundary (GIT_DISCOVERY_ACROSS_FILESYSTEM not set).
2024-11-10 11:51:56.304 [warning] [Model][traverseWorkspaceFolder] Unable to read workspace folder '/home/wangz': Error: EACCES: permission denied, scandir '/home/wangz'
2024-11-10 11:51:56.305 [warning] [Model][traverseWorkspaceFolder] Unable to read workspace folder '/home/wuy': Error: EACCES: permission denied, scandir '/home/wuy'
2024-11-10 11:51:56.305 [warning] [Model][traverseWorkspaceFolder] Unable to read workspace folder '/home/xiaohai': Error: EACCES: permission denied, scandir '/home/xiaohai'
2024-11-10 11:51:56.305 [warning] [Model][traverseWorkspaceFolder] Unable to read workspace folder '/home/xiaohai3': Error: EACCES: permission denied, scandir '/home/xiaohai3'
2024-11-10 11:51:56.305 [warning] [Model][traverseWorkspaceFolder] Unable to read workspace folder '/home/xiaohai5': Error: EACCES: permission denied, scandir '/home/xiaohai5'
2024-11-10 11:51:56.306 [warning] [Model][traverseWorkspaceFolder] Unable to read workspace folder '/home/xiaozg': Error: EACCES: permission denied, scandir '/home/xiaozg'
2024-11-10 11:51:56.306 [warning] [Model][traverseWorkspaceFolder] Unable to read workspace folder '/home/xiongzhuo': Error: EACCES: permission denied, scandir '/home/xiongzhuo'
2024-11-10 11:51:56.306 [warning] [Model][traverseWorkspaceFolder] Unable to read workspace folder '/home/xuke': Error: EACCES: permission denied, scandir '/home/xuke'
2024-11-10 11:51:56.306 [warning] [Model][traverseWorkspaceFolder] Unable to read workspace folder '/home/xuxh': Error: EACCES: permission denied, scandir '/home/xuxh'
2024-11-10 11:51:56.307 [warning] [Model][traverseWorkspaceFolder] Unable to read workspace folder '/home/xuzp': Error: EACCES: permission denied, scandir '/home/xuzp'
2024-11-10 11:51:56.307 [warning] [Model][traverseWorkspaceFolder] Unable to read workspace folder '/home/xuzp1': Error: EACCES: permission denied, scandir '/home/xuzp1'
2024-11-10 11:51:56.307 [warning] [Model][traverseWorkspaceFolder] Unable to read workspace folder '/home/xuzpg': Error: EACCES: permission denied, scandir '/home/xuzpg'
2024-11-10 11:51:56.308 [warning] [Model][traverseWorkspaceFolder] Unable to read workspace folder '/home/yangyt': Error: EACCES: permission denied, scandir '/home/yangyt'
2024-11-10 11:51:56.308 [warning] [Model][traverseWorkspaceFolder] Unable to read workspace folder '/home/yanlx': Error: EACCES: permission denied, scandir '/home/yanlx'
2024-11-10 11:51:56.309 [warning] [Model][traverseWorkspaceFolder] Unable to read workspace folder '/home/yansz': Error: EACCES: permission denied, scandir '/home/yansz'
2024-11-10 11:51:56.310 [warning] [Model][traverseWorkspaceFolder] Unable to read workspace folder '/home/yuanj': Error: EACCES: permission denied, scandir '/home/yuanj'
2024-11-10 11:51:56.310 [warning] [Model][traverseWorkspaceFolder] Unable to read workspace folder '/home/yueq': Error: EACCES: permission denied, scandir '/home/yueq'
2024-11-10 11:51:56.311 [warning] [Model][traverseWorkspaceFolder] Unable to read workspace folder '/home/yuxp': Error: EACCES: permission denied, scandir '/home/yuxp'
2024-11-10 11:51:56.311 [warning] [Model][traverseWorkspaceFolder] Unable to read workspace folder '/home/yuyuzh': Error: EACCES: permission denied, scandir '/home/yuyuzh'
2024-11-10 11:51:56.312 [warning] [Model][traverseWorkspaceFolder] Unable to read workspace folder '/home/zhanglg': Error: EACCES: permission denied, scandir '/home/zhanglg'
2024-11-10 11:51:56.312 [warning] [Model][traverseWorkspaceFolder] Unable to read workspace folder '/home/zhangliang': Error: EACCES: permission denied, scandir '/home/zhangliang'
2024-11-10 11:51:56.312 [warning] [Model][traverseWorkspaceFolder] Unable to read workspace folder '/home/zhangliang1': Error: EACCES: permission denied, scandir '/home/zhangliang1'
2024-11-10 11:51:56.313 [warning] [Model][traverseWorkspaceFolder] Unable to read workspace folder '/home/zhangliang2': Error: EACCES: permission denied, scandir '/home/zhangliang2'
2024-11-10 11:51:56.313 [warning] [Model][traverseWorkspaceFolder] Unable to read workspace folder '/home/zhangyh': Error: EACCES: permission denied, scandir '/home/zhangyh'
2024-11-10 11:51:56.314 [warning] [Model][traverseWorkspaceFolder] Unable to read workspace folder '/home/zhangyl': Error: EACCES: permission denied, scandir '/home/zhangyl'
2024-11-10 11:51:56.314 [warning] [Model][traverseWorkspaceFolder] Unable to read workspace folder '/home/zhaojians': Error: EACCES: permission denied, scandir '/home/zhaojians'
2024-11-10 11:51:56.314 [warning] [Model][traverseWorkspaceFolder] Unable to read workspace folder '/home/zhourui': Error: EACCES: permission denied, scandir '/home/zhourui'
2024-11-10 11:51:56.324 [info] > git rev-parse --show-toplevel [6ms]
2024-11-10 11:51:56.324 [info] fatal: Not a git repository (or any parent up to mount point /home/lijun)
Stopping at filesystem boundary (GIT_DISCOVERY_ACROSS_FILESYSTEM not set).
2024-11-10 11:51:56.334 [info] > git rev-parse --show-toplevel [5ms]
2024-11-10 11:51:56.334 [info] fatal: Not a git repository (or any parent up to mount point /home/thuscc24team04)
Stopping at filesystem boundary (GIT_DISCOVERY_ACROSS_FILESYSTEM not set).
2024-11-10 11:51:56.342 [info] [Model][doInitialScan] Initial repository scan completed - repositories (0), closed repositories (0), parent repositories (0), unsafe repositories (0)
