2024-11-10 12:01:46.639 [info] [main] Log level: Info
2024-11-10 12:01:46.639 [info] [main] Validating found git in: "git"
2024-11-10 12:01:46.639 [info] [main] Using git "1.8.3.1" from "git"
2024-11-10 12:01:46.639 [info] [Model][doInitialScan] Initial repository scan started
2024-11-10 12:01:46.639 [info] > git rev-parse --show-toplevel [24ms]
2024-11-10 12:01:46.639 [info] fatal: Not a git repository (or any parent up to mount point /home/thuscc24team04)
Stopping at filesystem boundary (GIT_DISCOVERY_ACROSS_FILESYSTEM not set).
2024-11-10 12:01:46.639 [info] > git rev-parse --show-toplevel [6ms]
2024-11-10 12:01:46.639 [info] fatal: Not a git repository (or any parent up to mount point /home/thuscc24team04)
Stopping at filesystem boundary (GIT_DISCOVERY_ACROSS_FILESYSTEM not set).
2024-11-10 12:01:46.639 [info] > git rev-parse --show-toplevel [2ms]
2024-11-10 12:01:46.639 [info] fatal: Not a git repository (or any parent up to mount point /home/thuscc24team04)
Stopping at filesystem boundary (GIT_DISCOVERY_ACROSS_FILESYSTEM not set).
2024-11-10 12:01:46.639 [info] > git rev-parse --show-toplevel [2ms]
2024-11-10 12:01:46.639 [info] fatal: Not a git repository (or any parent up to mount point /home/thuscc24team04)
Stopping at filesystem boundary (GIT_DISCOVERY_ACROSS_FILESYSTEM not set).
2024-11-10 12:01:46.639 [info] > git rev-parse --show-toplevel [1ms]
2024-11-10 12:01:46.639 [info] fatal: Not a git repository (or any parent up to mount point /home/thuscc24team04)
Stopping at filesystem boundary (GIT_DISCOVERY_ACROSS_FILESYSTEM not set).
2024-11-10 12:01:46.639 [info] > git rev-parse --show-toplevel [2ms]
2024-11-10 12:01:46.639 [info] fatal: Not a git repository (or any parent up to mount point /home/thuscc24team04)
Stopping at filesystem boundary (GIT_DISCOVERY_ACROSS_FILESYSTEM not set).
2024-11-10 12:01:46.639 [info] > git rev-parse --show-toplevel [2ms]
2024-11-10 12:01:46.639 [info] fatal: Not a git repository (or any parent up to mount point /home/thuscc24team04)
Stopping at filesystem boundary (GIT_DISCOVERY_ACROSS_FILESYSTEM not set).
2024-11-10 12:01:46.639 [info] > git rev-parse --show-toplevel [2ms]
2024-11-10 12:01:46.639 [info] fatal: Not a git repository (or any parent up to mount point /home/thuscc24team04)
Stopping at filesystem boundary (GIT_DISCOVERY_ACROSS_FILESYSTEM not set).
2024-11-10 12:01:46.639 [info] [Model][doInitialScan] Initial repository scan completed - repositories (0), closed repositories (0), parent repositories (0), unsafe repositories (0)
2024-11-10 12:02:11.973 [info] > git rev-parse --show-toplevel [3ms]
2024-11-10 12:02:11.973 [info] fatal: Not a git repository (or any parent up to mount point /WORK)
Stopping at filesystem boundary (GIT_DISCOVERY_ACROSS_FILESYSTEM not set).
2024-11-10 12:05:56.285 [info] > git rev-parse --show-toplevel [3ms]
2024-11-10 12:05:56.286 [info] fatal: Not a git repository (or any parent up to mount point /WORK)
Stopping at filesystem boundary (GIT_DISCOVERY_ACROSS_FILESYSTEM not set).
2024-11-10 12:05:57.820 [info] > git rev-parse --show-toplevel [4ms]
2024-11-10 12:05:57.820 [info] fatal: Not a git repository (or any parent up to mount point /WORK)
Stopping at filesystem boundary (GIT_DISCOVERY_ACROSS_FILESYSTEM not set).
2024-11-10 12:06:01.704 [info] > git rev-parse --show-toplevel [8ms]
2024-11-10 12:06:01.705 [info] fatal: Not a git repository (or any parent up to mount point /WORK)
Stopping at filesystem boundary (GIT_DISCOVERY_ACROSS_FILESYSTEM not set).
2024-11-10 12:06:02.214 [info] > git rev-parse --show-toplevel [6ms]
2024-11-10 12:06:02.214 [info] fatal: Not a git repository (or any parent up to mount point /WORK)
Stopping at filesystem boundary (GIT_DISCOVERY_ACROSS_FILESYSTEM not set).
