2024-11-14 18:11:24.560 [info] Extension host with pid 32145 started
2024-11-14 18:11:24.589 [info] Lock '/home/thuscc24team04/.vscode-server/data/User/workspaceStorage/ce0642eee10c4d7a33b01f2d40d00c00/vscode.lock': Lock acquired.
2024-11-14 18:11:24.813 [info] ExtensionService#_doActivateExtension vscode.git-base, startup: false, activationEvent: '*'
2024-11-14 18:11:24.855 [info] ExtensionService#_doActivateExtension vscode.github, startup: false, activationEvent: '*'
2024-11-14 18:11:25.033 [info] Eager extensions activated
2024-11-14 18:11:25.033 [info] ExtensionService#_doActivateExtension vscode.debug-auto-launch, startup: false, activationEvent: 'onStartupFinished'
2024-11-14 18:11:25.033 [info] ExtensionService#_doActivateExtension vscode.merge-conflict, startup: false, activationEvent: 'onStartupFinished'
2024-11-14 18:11:26.507 [info] ExtensionService#_doActivateExtension vscode.git, startup: false, activationEvent: 'api', root cause: vscode.github
2024-11-14 18:11:27.687 [info] ExtensionService#_doActivateExtension vscode.configuration-editing, startup: false, activationEvent: 'onLanguage:jsonc'
2024-11-14 18:11:27.687 [info] ExtensionService#_doActivateExtension vscode.json-language-features, startup: false, activationEvent: 'onLanguage:jsonc'
2024-11-14 18:11:27.688 [info] ExtensionService#_doActivateExtension vscode.typescript-language-features, startup: false, activationEvent: 'onLanguage:jsonc'
2024-11-14 18:11:27.689 [info] ExtensionService#_doActivateExtension vscode.emmet, startup: false, activationEvent: 'onLanguage'
2024-11-14 18:39:38.966 [info] ExtensionService#_doActivateExtension vscode.extension-editing, startup: false, activationEvent: 'onLanguage:json'
2024-11-14 18:39:38.967 [info] ExtensionService#_doActivateExtension vscode.npm, startup: false, activationEvent: 'onLanguage:json'
2024-11-14 19:22:29.612 [info] Extension host terminating: received terminate message from renderer
2024-11-14 19:22:29.614 [info] Lock '/home/thuscc24team04/.vscode-server/data/User/workspaceStorage/ce0642eee10c4d7a33b01f2d40d00c00/vscode.lock': Marking the lockfile as scheduled to be released in 6000 ms.
2024-11-14 19:22:29.680 [error] Canceled: Canceled
	at Pc (file:///home/thuscc24team04/.vscode-server/cli/servers/Stable-e8653663e8840adaf45af01eab5c627a5af81807/server/out/vs/workbench/api/node/extensionHostProcess.js:7:1122)
	at file:///home/thuscc24team04/.vscode-server/cli/servers/Stable-e8653663e8840adaf45af01eab5c627a5af81807/server/out/vs/workbench/api/node/extensionHostProcess.js:31:152517
	at Array.forEach (<anonymous>)
	at py.dispose (file:///home/thuscc24team04/.vscode-server/cli/servers/Stable-e8653663e8840adaf45af01eab5c627a5af81807/server/out/vs/workbench/api/node/extensionHostProcess.js:31:152457)
	at _z.terminate (file:///home/thuscc24team04/.vscode-server/cli/servers/Stable-e8653663e8840adaf45af01eab5c627a5af81807/server/out/vs/workbench/api/node/extensionHostProcess.js:118:10082)
	at xC.terminate (file:///home/thuscc24team04/.vscode-server/cli/servers/Stable-e8653663e8840adaf45af01eab5c627a5af81807/server/out/vs/workbench/api/node/extensionHostProcess.js:119:1424)
	at Zi (file:///home/thuscc24team04/.vscode-server/cli/servers/Stable-e8653663e8840adaf45af01eab5c627a5af81807/server/out/vs/workbench/api/node/extensionHostProcess.js:174:15063)
	at mh.value (file:///home/thuscc24team04/.vscode-server/cli/servers/Stable-e8653663e8840adaf45af01eab5c627a5af81807/server/out/vs/workbench/api/node/extensionHostProcess.js:174:13224)
	at P.B (file:///home/thuscc24team04/.vscode-server/cli/servers/Stable-e8653663e8840adaf45af01eab5c627a5af81807/server/out/vs/workbench/api/node/extensionHostProcess.js:29:746)
	at P.fire (file:///home/thuscc24team04/.vscode-server/cli/servers/Stable-e8653663e8840adaf45af01eab5c627a5af81807/server/out/vs/workbench/api/node/extensionHostProcess.js:29:964)
	at Vn.fire (file:///home/thuscc24team04/.vscode-server/cli/servers/Stable-e8653663e8840adaf45af01eab5c627a5af81807/server/out/vs/workbench/api/node/extensionHostProcess.js:31:9457)
	at Fm.A (file:///home/thuscc24team04/.vscode-server/cli/servers/Stable-e8653663e8840adaf45af01eab5c627a5af81807/server/out/vs/workbench/api/node/extensionHostProcess.js:31:12573)
	at mh.value (file:///home/thuscc24team04/.vscode-server/cli/servers/Stable-e8653663e8840adaf45af01eab5c627a5af81807/server/out/vs/workbench/api/node/extensionHostProcess.js:31:10993)
	at P.B (file:///home/thuscc24team04/.vscode-server/cli/servers/Stable-e8653663e8840adaf45af01eab5c627a5af81807/server/out/vs/workbench/api/node/extensionHostProcess.js:29:746)
	at P.fire (file:///home/thuscc24team04/.vscode-server/cli/servers/Stable-e8653663e8840adaf45af01eab5c627a5af81807/server/out/vs/workbench/api/node/extensionHostProcess.js:29:964)
	at j5.acceptChunk (file:///home/thuscc24team04/.vscode-server/cli/servers/Stable-e8653663e8840adaf45af01eab5c627a5af81807/server/out/vs/workbench/api/node/extensionHostProcess.js:31:7940)
	at file:///home/thuscc24team04/.vscode-server/cli/servers/Stable-e8653663e8840adaf45af01eab5c627a5af81807/server/out/vs/workbench/api/node/extensionHostProcess.js:31:7226
	at Socket.t (file:///home/thuscc24team04/.vscode-server/cli/servers/Stable-e8653663e8840adaf45af01eab5c627a5af81807/server/out/vs/workbench/api/node/extensionHostProcess.js:31:15451)
	at Socket.emit (node:events:519:28)
	at addChunk (node:internal/streams/readable:559:12)
	at readableAddChunkPushByteMode (node:internal/streams/readable:510:3)
	at Readable.push (node:internal/streams/readable:390:5)
	at Pipe.onStreamRead (node:internal/stream_base_commons:191:23) setContext undefined
2024-11-14 19:22:29.681 [info] Extension host with pid 32145 exiting with code 0
