2024-11-14 11:21:30.504 [info] [main] Log level: Info
2024-11-14 11:21:30.504 [info] [main] Validating found git in: "git"
2024-11-14 11:21:30.504 [info] [main] Using git "1.8.3.1" from "git"
2024-11-14 11:21:30.504 [info] [Model][doInitialScan] Initial repository scan started
2024-11-14 11:21:30.504 [info] > git rev-parse --show-toplevel [48ms]
2024-11-14 11:21:30.504 [info] fatal: Not a git repository (or any parent up to mount point /home/thuscc24team04)
Stopping at filesystem boundary (GIT_DISCOVERY_ACROSS_FILESYSTEM not set).
2024-11-14 11:21:30.504 [info] [Model][doInitialScan] Initial repository scan completed - repositories (0), closed repositories (0), parent repositories (0), unsafe repositories (0)
2024-11-14 11:21:32.056 [info] > git rev-parse --show-toplevel [3ms]
2024-11-14 11:21:32.056 [info] fatal: Not a git repository (or any parent up to mount point /home/thuscc24team04)
Stopping at filesystem boundary (GIT_DISCOVERY_ACROSS_FILESYSTEM not set).
2024-11-14 11:21:34.341 [info] > git rev-parse --show-toplevel [4ms]
2024-11-14 11:21:34.342 [info] fatal: Not a git repository (or any parent up to mount point /home/thuscc24team04)
Stopping at filesystem boundary (GIT_DISCOVERY_ACROSS_FILESYSTEM not set).
2024-11-14 11:21:34.841 [info] > git rev-parse --show-toplevel [5ms]
2024-11-14 11:21:34.841 [info] fatal: Not a git repository (or any parent up to mount point /home/thuscc24team04)
Stopping at filesystem boundary (GIT_DISCOVERY_ACROSS_FILESYSTEM not set).
2024-11-14 11:21:39.830 [info] > git rev-parse --show-toplevel [5ms]
2024-11-14 11:21:39.831 [info] fatal: Not a git repository (or any parent up to mount point /home/thuscc24team04)
Stopping at filesystem boundary (GIT_DISCOVERY_ACROSS_FILESYSTEM not set).
2024-11-14 11:23:32.826 [info] > git rev-parse --show-toplevel [3ms]
2024-11-14 11:23:32.826 [info] fatal: Not a git repository (or any parent up to mount point /home/thuscc24team04)
Stopping at filesystem boundary (GIT_DISCOVERY_ACROSS_FILESYSTEM not set).
