2024-11-14 19:50:09.807 [info] [main] Log level: Info
2024-11-14 19:50:09.807 [info] [main] Validating found git in: "git"
2024-11-14 19:50:09.807 [info] [main] Using git "1.8.3.1" from "git"
2024-11-14 19:50:09.807 [info] [Model][doInitialScan] Initial repository scan started
2024-11-14 19:50:09.807 [info] > git rev-parse --show-toplevel [66ms]
2024-11-14 19:50:09.807 [info] fatal: Not a git repository (or any parent up to mount point /WORK)
Stopping at filesystem boundary (GIT_DISCOVERY_ACROSS_FILESYSTEM not set).
2024-11-14 19:50:09.807 [info] > git rev-parse --show-toplevel [5ms]
2024-11-14 19:50:09.807 [info] fatal: Not a git repository (or any parent up to mount point /WORK)
Stopping at filesystem boundary (GIT_DISCOVERY_ACROSS_FILESYSTEM not set).
2024-11-14 19:50:09.811 [info] > git rev-parse --show-toplevel [8ms]
2024-11-14 19:50:09.814 [info] fatal: Not a git repository (or any parent up to mount point /WORK)
Stopping at filesystem boundary (GIT_DISCOVERY_ACROSS_FILESYSTEM not set).
2024-11-14 19:50:09.829 [info] > git rev-parse --show-toplevel [10ms]
2024-11-14 19:50:09.829 [info] fatal: Not a git repository (or any parent up to mount point /WORK)
Stopping at filesystem boundary (GIT_DISCOVERY_ACROSS_FILESYSTEM not set).
2024-11-14 19:50:09.838 [info] > git rev-parse --show-toplevel [5ms]
2024-11-14 19:50:09.838 [info] fatal: Not a git repository (or any parent up to mount point /WORK)
Stopping at filesystem boundary (GIT_DISCOVERY_ACROSS_FILESYSTEM not set).
2024-11-14 19:50:09.846 [info] > git rev-parse --show-toplevel [3ms]
2024-11-14 19:50:09.846 [info] fatal: Not a git repository (or any parent up to mount point /WORK)
Stopping at filesystem boundary (GIT_DISCOVERY_ACROSS_FILESYSTEM not set).
2024-11-14 19:50:09.854 [info] > git rev-parse --show-toplevel [4ms]
2024-11-14 19:50:09.854 [info] fatal: Not a git repository (or any parent up to mount point /WORK)
Stopping at filesystem boundary (GIT_DISCOVERY_ACROSS_FILESYSTEM not set).
2024-11-14 19:50:09.860 [info] [Model][doInitialScan] Initial repository scan completed - repositories (0), closed repositories (0), parent repositories (0), unsafe repositories (0)
2024-11-14 19:50:16.512 [info] > git rev-parse --show-toplevel [2ms]
2024-11-14 19:50:16.512 [info] fatal: Not a git repository (or any parent up to mount point /WORK)
Stopping at filesystem boundary (GIT_DISCOVERY_ACROSS_FILESYSTEM not set).
2024-11-14 19:50:19.772 [info] > git rev-parse --show-toplevel [2ms]
2024-11-14 19:50:19.772 [info] fatal: Not a git repository (or any parent up to mount point /WORK)
Stopping at filesystem boundary (GIT_DISCOVERY_ACROSS_FILESYSTEM not set).
2024-11-14 19:50:23.166 [info] > git rev-parse --show-toplevel [2ms]
2024-11-14 19:50:23.167 [info] fatal: Not a git repository (or any parent up to mount point /WORK)
Stopping at filesystem boundary (GIT_DISCOVERY_ACROSS_FILESYSTEM not set).
2024-11-14 19:50:26.047 [info] > git rev-parse --show-toplevel [5ms]
2024-11-14 19:50:26.047 [info] fatal: Not a git repository (or any parent up to mount point /WORK)
Stopping at filesystem boundary (GIT_DISCOVERY_ACROSS_FILESYSTEM not set).
2024-11-14 19:50:33.395 [info] > git rev-parse --show-toplevel [7ms]
2024-11-14 19:50:33.395 [info] fatal: Not a git repository (or any parent up to mount point /WORK)
Stopping at filesystem boundary (GIT_DISCOVERY_ACROSS_FILESYSTEM not set).
2024-11-14 19:50:41.434 [info] > git rev-parse --show-toplevel [4ms]
2024-11-14 19:50:41.434 [info] fatal: Not a git repository (or any parent up to mount point /WORK)
Stopping at filesystem boundary (GIT_DISCOVERY_ACROSS_FILESYSTEM not set).
2024-11-14 19:51:10.886 [info] > git rev-parse --show-toplevel [2ms]
2024-11-14 19:51:10.887 [info] fatal: Not a git repository (or any parent up to mount point /WORK)
Stopping at filesystem boundary (GIT_DISCOVERY_ACROSS_FILESYSTEM not set).
2024-11-14 19:58:21.465 [info] > git rev-parse --show-toplevel [4ms]
2024-11-14 19:58:21.478 [info] > git rev-parse --git-dir --git-common-dir [6ms]
2024-11-14 19:58:21.506 [info] [Model][openRepository] Opened repository: /WORK/thuscc24team04_work/Neko/json-fortran
2024-11-14 19:58:21.512 [warning] [Git][getRemotes] Error: ENOENT: no such file or directory, open '/WORK/thuscc24team04_work/Neko/json-fortran/--git-common-dir/config'
2024-11-14 19:58:21.522 [info] > git config --get commit.template [5ms]
2024-11-14 19:58:21.522 [info] > git remote --verbose [11ms]
2024-11-14 19:58:21.530 [info] > git for-each-ref --format=%(refname)%00%(upstream:short)%00%(objectname) refs/heads/master refs/remotes/master [10ms]
2024-11-14 19:58:21.530 [warning] [Git][getBranch] No such branch: master
2024-11-14 19:58:21.548 [info] > git status -z -uall [11ms]
2024-11-14 19:58:21.552 [info] > git for-each-ref --sort -committerdate --format %(refname) %(objectname) %(*objectname) [7ms]
2024-11-14 19:58:21.574 [warning] [Git][getRemotes] Error: ENOENT: no such file or directory, open '/WORK/thuscc24team04_work/Neko/json-fortran/--git-common-dir/config'
2024-11-14 19:58:21.575 [info] > git for-each-ref --format=%(refname)%00%(upstream:short)%00%(objectname) refs/heads/master refs/remotes/master [13ms]
2024-11-14 19:58:21.576 [warning] [Git][getBranch] No such branch: master
2024-11-14 19:58:21.577 [error] [GitHistoryProvider][resolveHEADMergeBase] Failed to resolve merge base for master: Error: No such branch: master.
2024-11-14 19:58:21.585 [info] > git remote --verbose [10ms]
2024-11-14 19:58:21.592 [info] > git config --get commit.template [9ms]
2024-11-14 19:58:21.598 [info] > git for-each-ref --format=%(refname)%00%(upstream:short)%00%(objectname) refs/heads/master refs/remotes/master [8ms]
2024-11-14 19:58:21.598 [warning] [Git][getBranch] No such branch: master
2024-11-14 19:58:21.614 [info] > git status -z -uall [11ms]
2024-11-14 19:58:21.615 [info] > git for-each-ref --sort -committerdate --format %(refname) %(objectname) %(*objectname) [6ms]
2024-11-14 19:59:56.491 [info] > git rev-parse --show-toplevel [3ms]
2024-11-14 19:59:56.491 [info] fatal: Not a git repository (or any parent up to mount point /WORK)
Stopping at filesystem boundary (GIT_DISCOVERY_ACROSS_FILESYSTEM not set).
2024-11-14 20:00:02.097 [info] > git rev-parse --show-toplevel [2ms]
2024-11-14 20:00:02.097 [info] fatal: Not a git repository (or any parent up to mount point /WORK)
Stopping at filesystem boundary (GIT_DISCOVERY_ACROSS_FILESYSTEM not set).
2024-11-14 20:00:04.060 [info] > git rev-parse --show-toplevel [2ms]
2024-11-14 20:00:04.060 [info] fatal: Not a git repository (or any parent up to mount point /WORK)
Stopping at filesystem boundary (GIT_DISCOVERY_ACROSS_FILESYSTEM not set).
2024-11-14 20:00:04.873 [info] > git rev-parse --show-toplevel [4ms]
2024-11-14 20:00:04.873 [info] fatal: Not a git repository (or any parent up to mount point /WORK)
Stopping at filesystem boundary (GIT_DISCOVERY_ACROSS_FILESYSTEM not set).
2024-11-14 20:00:16.417 [info] > git rev-parse --show-toplevel [30ms]
2024-11-14 20:00:16.417 [info] fatal: Not a git repository (or any parent up to mount point /WORK)
Stopping at filesystem boundary (GIT_DISCOVERY_ACROSS_FILESYSTEM not set).
2024-11-14 20:00:28.860 [info] > git fetch [127353ms]
2024-11-14 20:00:28.860 [info] fatal: unable to access 'https://github.com/jacobwilliams/json-fortran.git/': Failed connect to github.com:443; Connection timed out
2024-11-14 20:00:28.866 [warning] [Git][getRemotes] Error: ENOENT: no such file or directory, open '/WORK/thuscc24team04_work/Neko/json-fortran/--git-common-dir/config'
2024-11-14 20:00:28.873 [info] > git remote --verbose [7ms]
2024-11-14 20:00:28.880 [info] > git config --get commit.template [7ms]
2024-11-14 20:00:28.886 [info] > git for-each-ref --format=%(refname)%00%(upstream:short)%00%(objectname) refs/heads/master refs/remotes/master [8ms]
2024-11-14 20:00:28.887 [warning] [Git][getBranch] No such branch: master
2024-11-14 20:00:28.902 [info] > git status -z -uall [11ms]
2024-11-14 20:00:28.902 [info] > git for-each-ref --sort -committerdate --format %(refname) %(objectname) %(*objectname) [6ms]
2024-11-14 20:04:32.970 [info] > git fetch [63962ms]
2024-11-14 20:04:32.979 [warning] [Git][getRemotes] Error: ENOENT: no such file or directory, open '/WORK/thuscc24team04_work/Neko/json-fortran/--git-common-dir/config'
2024-11-14 20:04:32.993 [info] > git config --get commit.template [8ms]
2024-11-14 20:04:32.994 [info] > git remote --verbose [14ms]
2024-11-14 20:04:33.006 [info] > git for-each-ref --format=%(refname)%00%(upstream:short)%00%(objectname) refs/heads/master refs/remotes/master [15ms]
2024-11-14 20:04:33.024 [info] > git rev-list --left-right --count master...origin/master [12ms]
2024-11-14 20:04:33.030 [warning] [Git][revParse] Unable to read file: ENOENT: no such file or directory, open '/WORK/thuscc24team04_work/Neko/json-fortran/.git/refs/remotes/origin/master'
2024-11-14 20:04:33.036 [info] > git rev-parse refs/remotes/origin/master [7ms]
2024-11-14 20:04:33.064 [info] > git for-each-ref --sort -committerdate --format %(refname) %(objectname) %(*objectname) [14ms]
2024-11-14 20:04:33.168 [info] > git status -z -uall [126ms]
2024-11-14 20:04:40.186 [warning] [Git][getRemotes] Error: ENOENT: no such file or directory, open '/WORK/thuscc24team04_work/Neko/json-fortran/--git-common-dir/config'
2024-11-14 20:04:40.195 [info] > git remote --verbose [9ms]
2024-11-14 20:04:40.202 [info] > git config --get commit.template [9ms]
2024-11-14 20:04:40.217 [info] > git for-each-ref --format=%(refname)%00%(upstream:short)%00%(objectname) refs/heads/master refs/remotes/master [16ms]
2024-11-14 20:04:40.234 [info] > git rev-list --left-right --count master...origin/master [12ms]
2024-11-14 20:04:40.239 [warning] [Git][revParse] Unable to read file: ENOENT: no such file or directory, open '/WORK/thuscc24team04_work/Neko/json-fortran/.git/refs/remotes/origin/master'
2024-11-14 20:04:40.245 [info] > git rev-parse refs/remotes/origin/master [6ms]
2024-11-14 20:04:40.272 [info] > git for-each-ref --sort -committerdate --format %(refname) %(objectname) %(*objectname) [15ms]
2024-11-14 20:04:40.364 [info] > git status -z -uall [114ms]
2024-11-14 20:04:50.313 [warning] [Git][getRemotes] Error: ENOENT: no such file or directory, open '/WORK/thuscc24team04_work/Neko/json-fortran/--git-common-dir/config'
2024-11-14 20:04:50.321 [info] > git remote --verbose [7ms]
2024-11-14 20:04:50.328 [info] > git config --get commit.template [8ms]
2024-11-14 20:04:50.343 [info] > git for-each-ref --format=%(refname)%00%(upstream:short)%00%(objectname) refs/heads/master refs/remotes/master [16ms]
2024-11-14 20:04:50.359 [info] > git rev-list --left-right --count master...origin/master [11ms]
2024-11-14 20:04:50.364 [warning] [Git][revParse] Unable to read file: ENOENT: no such file or directory, open '/WORK/thuscc24team04_work/Neko/json-fortran/.git/refs/remotes/origin/master'
2024-11-14 20:04:50.371 [info] > git rev-parse refs/remotes/origin/master [7ms]
2024-11-14 20:04:50.397 [info] > git for-each-ref --sort -committerdate --format %(refname) %(objectname) %(*objectname) [15ms]
2024-11-14 20:04:50.487 [info] > git status -z -uall [111ms]
2024-11-14 20:04:55.501 [warning] [Git][getRemotes] Error: ENOENT: no such file or directory, open '/WORK/thuscc24team04_work/Neko/json-fortran/--git-common-dir/config'
2024-11-14 20:04:55.510 [info] > git remote --verbose [9ms]
2024-11-14 20:04:55.516 [info] > git config --get commit.template [8ms]
2024-11-14 20:04:55.538 [info] > git for-each-ref --format=%(refname)%00%(upstream:short)%00%(objectname) refs/heads/master refs/remotes/master [22ms]
2024-11-14 20:04:55.553 [info] > git rev-list --left-right --count master...origin/master [11ms]
2024-11-14 20:04:55.558 [warning] [Git][revParse] Unable to read file: ENOENT: no such file or directory, open '/WORK/thuscc24team04_work/Neko/json-fortran/.git/refs/remotes/origin/master'
2024-11-14 20:04:55.563 [info] > git rev-parse refs/remotes/origin/master [5ms]
2024-11-14 20:04:55.589 [info] > git for-each-ref --sort -committerdate --format %(refname) %(objectname) %(*objectname) [13ms]
2024-11-14 20:04:55.687 [info] > git status -z -uall [118ms]
2024-11-14 20:05:00.699 [warning] [Git][getRemotes] Error: ENOENT: no such file or directory, open '/WORK/thuscc24team04_work/Neko/json-fortran/--git-common-dir/config'
2024-11-14 20:05:00.711 [info] > git config --get commit.template [7ms]
2024-11-14 20:05:00.711 [info] > git remote --verbose [12ms]
2024-11-14 20:05:00.725 [info] > git for-each-ref --format=%(refname)%00%(upstream:short)%00%(objectname) refs/heads/master refs/remotes/master [15ms]
2024-11-14 20:05:00.741 [info] > git rev-list --left-right --count master...origin/master [11ms]
2024-11-14 20:05:00.746 [warning] [Git][revParse] Unable to read file: ENOENT: no such file or directory, open '/WORK/thuscc24team04_work/Neko/json-fortran/.git/refs/remotes/origin/master'
2024-11-14 20:05:00.752 [info] > git rev-parse refs/remotes/origin/master [6ms]
2024-11-14 20:05:00.774 [info] > git for-each-ref --sort -committerdate --format %(refname) %(objectname) %(*objectname) [13ms]
2024-11-14 20:05:00.850 [info] > git status -z -uall [94ms]
2024-11-14 20:05:05.863 [warning] [Git][getRemotes] Error: ENOENT: no such file or directory, open '/WORK/thuscc24team04_work/Neko/json-fortran/--git-common-dir/config'
2024-11-14 20:05:05.875 [info] > git config --get commit.template [7ms]
2024-11-14 20:05:05.876 [info] > git remote --verbose [14ms]
2024-11-14 20:05:05.890 [info] > git for-each-ref --format=%(refname)%00%(upstream:short)%00%(objectname) refs/heads/master refs/remotes/master [16ms]
2024-11-14 20:05:05.906 [info] > git rev-list --left-right --count master...origin/master [11ms]
2024-11-14 20:05:05.911 [warning] [Git][revParse] Unable to read file: ENOENT: no such file or directory, open '/WORK/thuscc24team04_work/Neko/json-fortran/.git/refs/remotes/origin/master'
2024-11-14 20:05:05.917 [info] > git rev-parse refs/remotes/origin/master [6ms]
2024-11-14 20:05:05.942 [info] > git for-each-ref --sort -committerdate --format %(refname) %(objectname) %(*objectname) [14ms]
2024-11-14 20:05:06.028 [info] > git status -z -uall [106ms]
2024-11-14 20:05:11.042 [warning] [Git][getRemotes] Error: ENOENT: no such file or directory, open '/WORK/thuscc24team04_work/Neko/json-fortran/--git-common-dir/config'
2024-11-14 20:05:11.051 [info] > git remote --verbose [9ms]
2024-11-14 20:05:11.058 [info] > git config --get commit.template [9ms]
2024-11-14 20:05:11.076 [info] > git for-each-ref --format=%(refname)%00%(upstream:short)%00%(objectname) refs/heads/master refs/remotes/master [19ms]
2024-11-14 20:05:11.094 [info] > git rev-list --left-right --count master...origin/master [11ms]
2024-11-14 20:05:11.100 [warning] [Git][revParse] Unable to read file: ENOENT: no such file or directory, open '/WORK/thuscc24team04_work/Neko/json-fortran/.git/refs/remotes/origin/master'
2024-11-14 20:05:11.106 [info] > git rev-parse refs/remotes/origin/master [6ms]
2024-11-14 20:05:11.132 [info] > git for-each-ref --sort -committerdate --format %(refname) %(objectname) %(*objectname) [14ms]
2024-11-14 20:05:11.224 [info] > git status -z -uall [112ms]
2024-11-14 20:05:16.237 [warning] [Git][getRemotes] Error: ENOENT: no such file or directory, open '/WORK/thuscc24team04_work/Neko/json-fortran/--git-common-dir/config'
2024-11-14 20:05:16.245 [info] > git remote --verbose [8ms]
2024-11-14 20:05:16.254 [info] > git config --get commit.template [10ms]
2024-11-14 20:05:16.267 [info] > git for-each-ref --format=%(refname)%00%(upstream:short)%00%(objectname) refs/heads/master refs/remotes/master [15ms]
2024-11-14 20:05:16.283 [info] > git rev-list --left-right --count master...origin/master [11ms]
2024-11-14 20:05:16.288 [warning] [Git][revParse] Unable to read file: ENOENT: no such file or directory, open '/WORK/thuscc24team04_work/Neko/json-fortran/.git/refs/remotes/origin/master'
2024-11-14 20:05:16.295 [info] > git rev-parse refs/remotes/origin/master [7ms]
2024-11-14 20:05:16.319 [info] > git for-each-ref --sort -committerdate --format %(refname) %(objectname) %(*objectname) [14ms]
2024-11-14 20:05:16.408 [info] > git status -z -uall [108ms]
2024-11-14 20:05:21.430 [warning] [Git][getRemotes] Error: ENOENT: no such file or directory, open '/WORK/thuscc24team04_work/Neko/json-fortran/--git-common-dir/config'
2024-11-14 20:05:21.439 [info] > git remote --verbose [8ms]
2024-11-14 20:05:21.445 [info] > git config --get commit.template [8ms]
2024-11-14 20:05:21.459 [info] > git for-each-ref --format=%(refname)%00%(upstream:short)%00%(objectname) refs/heads/master refs/remotes/master [15ms]
2024-11-14 20:05:21.475 [info] > git rev-list --left-right --count master...origin/master [11ms]
2024-11-14 20:05:21.480 [warning] [Git][revParse] Unable to read file: ENOENT: no such file or directory, open '/WORK/thuscc24team04_work/Neko/json-fortran/.git/refs/remotes/origin/master'
2024-11-14 20:05:21.486 [info] > git rev-parse refs/remotes/origin/master [6ms]
2024-11-14 20:05:21.512 [info] > git for-each-ref --sort -committerdate --format %(refname) %(objectname) %(*objectname) [14ms]
2024-11-14 20:05:21.596 [info] > git status -z -uall [104ms]
2024-11-14 20:05:26.609 [warning] [Git][getRemotes] Error: ENOENT: no such file or directory, open '/WORK/thuscc24team04_work/Neko/json-fortran/--git-common-dir/config'
2024-11-14 20:05:26.622 [info] > git config --get commit.template [7ms]
2024-11-14 20:05:26.622 [info] > git remote --verbose [13ms]
2024-11-14 20:05:26.636 [info] > git for-each-ref --format=%(refname)%00%(upstream:short)%00%(objectname) refs/heads/master refs/remotes/master [16ms]
2024-11-14 20:05:26.652 [info] > git rev-list --left-right --count master...origin/master [11ms]
2024-11-14 20:05:26.657 [warning] [Git][revParse] Unable to read file: ENOENT: no such file or directory, open '/WORK/thuscc24team04_work/Neko/json-fortran/.git/refs/remotes/origin/master'
2024-11-14 20:05:26.663 [info] > git rev-parse refs/remotes/origin/master [6ms]
2024-11-14 20:05:26.688 [info] > git for-each-ref --sort -committerdate --format %(refname) %(objectname) %(*objectname) [15ms]
2024-11-14 20:05:26.776 [info] > git status -z -uall [108ms]
2024-11-14 20:05:31.788 [warning] [Git][getRemotes] Error: ENOENT: no such file or directory, open '/WORK/thuscc24team04_work/Neko/json-fortran/--git-common-dir/config'
2024-11-14 20:05:31.801 [info] > git config --get commit.template [7ms]
2024-11-14 20:05:31.801 [info] > git remote --verbose [13ms]
2024-11-14 20:05:31.814 [info] > git for-each-ref --format=%(refname)%00%(upstream:short)%00%(objectname) refs/heads/master refs/remotes/master [14ms]
2024-11-14 20:05:31.831 [info] > git rev-list --left-right --count master...origin/master [12ms]
2024-11-14 20:05:31.836 [warning] [Git][revParse] Unable to read file: ENOENT: no such file or directory, open '/WORK/thuscc24team04_work/Neko/json-fortran/.git/refs/remotes/origin/master'
2024-11-14 20:05:31.843 [info] > git rev-parse refs/remotes/origin/master [7ms]
2024-11-14 20:05:31.869 [info] > git for-each-ref --sort -committerdate --format %(refname) %(objectname) %(*objectname) [15ms]
2024-11-14 20:05:31.962 [info] > git status -z -uall [114ms]
2024-11-14 20:05:36.973 [warning] [Git][getRemotes] Error: ENOENT: no such file or directory, open '/WORK/thuscc24team04_work/Neko/json-fortran/--git-common-dir/config'
2024-11-14 20:05:36.981 [info] > git remote --verbose [7ms]
2024-11-14 20:05:36.986 [info] > git config --get commit.template [7ms]
2024-11-14 20:05:37.001 [info] > git for-each-ref --format=%(refname)%00%(upstream:short)%00%(objectname) refs/heads/master refs/remotes/master [15ms]
2024-11-14 20:05:37.016 [info] > git rev-list --left-right --count master...origin/master [11ms]
2024-11-14 20:05:37.021 [warning] [Git][revParse] Unable to read file: ENOENT: no such file or directory, open '/WORK/thuscc24team04_work/Neko/json-fortran/.git/refs/remotes/origin/master'
2024-11-14 20:05:37.027 [info] > git rev-parse refs/remotes/origin/master [5ms]
2024-11-14 20:05:37.051 [info] > git for-each-ref --sort -committerdate --format %(refname) %(objectname) %(*objectname) [14ms]
2024-11-14 20:05:37.144 [info] > git status -z -uall [112ms]
2024-11-14 20:05:42.155 [warning] [Git][getRemotes] Error: ENOENT: no such file or directory, open '/WORK/thuscc24team04_work/Neko/json-fortran/--git-common-dir/config'
2024-11-14 20:05:42.162 [info] > git remote --verbose [8ms]
2024-11-14 20:05:42.169 [info] > git config --get commit.template [7ms]
2024-11-14 20:05:42.184 [info] > git for-each-ref --format=%(refname)%00%(upstream:short)%00%(objectname) refs/heads/master refs/remotes/master [16ms]
2024-11-14 20:05:42.200 [info] > git rev-list --left-right --count master...origin/master [11ms]
2024-11-14 20:05:42.206 [warning] [Git][revParse] Unable to read file: ENOENT: no such file or directory, open '/WORK/thuscc24team04_work/Neko/json-fortran/.git/refs/remotes/origin/master'
2024-11-14 20:05:42.212 [info] > git rev-parse refs/remotes/origin/master [6ms]
2024-11-14 20:05:42.239 [info] > git for-each-ref --sort -committerdate --format %(refname) %(objectname) %(*objectname) [15ms]
2024-11-14 20:05:42.326 [info] > git status -z -uall [108ms]
2024-11-14 20:05:47.337 [warning] [Git][getRemotes] Error: ENOENT: no such file or directory, open '/WORK/thuscc24team04_work/Neko/json-fortran/--git-common-dir/config'
2024-11-14 20:05:47.346 [info] > git remote --verbose [9ms]
2024-11-14 20:05:47.353 [info] > git config --get commit.template [7ms]
2024-11-14 20:05:47.368 [info] > git for-each-ref --format=%(refname)%00%(upstream:short)%00%(objectname) refs/heads/master refs/remotes/master [15ms]
2024-11-14 20:05:47.384 [info] > git rev-list --left-right --count master...origin/master [12ms]
2024-11-14 20:05:47.389 [warning] [Git][revParse] Unable to read file: ENOENT: no such file or directory, open '/WORK/thuscc24team04_work/Neko/json-fortran/.git/refs/remotes/origin/master'
2024-11-14 20:05:47.395 [info] > git rev-parse refs/remotes/origin/master [6ms]
2024-11-14 20:05:47.422 [info] > git for-each-ref --sort -committerdate --format %(refname) %(objectname) %(*objectname) [15ms]
2024-11-14 20:05:47.513 [info] > git status -z -uall [113ms]
2024-11-14 20:05:52.525 [warning] [Git][getRemotes] Error: ENOENT: no such file or directory, open '/WORK/thuscc24team04_work/Neko/json-fortran/--git-common-dir/config'
2024-11-14 20:05:52.539 [info] > git config --get commit.template [8ms]
2024-11-14 20:05:52.539 [info] > git remote --verbose [14ms]
2024-11-14 20:05:52.553 [info] > git for-each-ref --format=%(refname)%00%(upstream:short)%00%(objectname) refs/heads/master refs/remotes/master [15ms]
2024-11-14 20:05:52.569 [info] > git rev-list --left-right --count master...origin/master [11ms]
2024-11-14 20:05:52.574 [warning] [Git][revParse] Unable to read file: ENOENT: no such file or directory, open '/WORK/thuscc24team04_work/Neko/json-fortran/.git/refs/remotes/origin/master'
2024-11-14 20:05:52.580 [info] > git rev-parse refs/remotes/origin/master [6ms]
2024-11-14 20:05:52.607 [info] > git for-each-ref --sort -committerdate --format %(refname) %(objectname) %(*objectname) [15ms]
2024-11-14 20:05:52.689 [info] > git status -z -uall [104ms]
2024-11-14 20:05:57.709 [warning] [Git][getRemotes] Error: ENOENT: no such file or directory, open '/WORK/thuscc24team04_work/Neko/json-fortran/--git-common-dir/config'
2024-11-14 20:05:57.717 [info] > git remote --verbose [8ms]
2024-11-14 20:05:57.723 [info] > git config --get commit.template [8ms]
2024-11-14 20:05:57.739 [info] > git for-each-ref --format=%(refname)%00%(upstream:short)%00%(objectname) refs/heads/master refs/remotes/master [16ms]
2024-11-14 20:05:57.755 [info] > git rev-list --left-right --count master...origin/master [11ms]
2024-11-14 20:05:57.760 [warning] [Git][revParse] Unable to read file: ENOENT: no such file or directory, open '/WORK/thuscc24team04_work/Neko/json-fortran/.git/refs/remotes/origin/master'
2024-11-14 20:05:57.766 [info] > git rev-parse refs/remotes/origin/master [6ms]
2024-11-14 20:05:57.794 [info] > git for-each-ref --sort -committerdate --format %(refname) %(objectname) %(*objectname) [17ms]
2024-11-14 20:05:57.890 [info] > git status -z -uall [119ms]
2024-11-14 20:06:21.132 [warning] [Git][getRemotes] Error: ENOENT: no such file or directory, open '/WORK/thuscc24team04_work/Neko/json-fortran/--git-common-dir/config'
2024-11-14 20:06:21.140 [info] > git remote --verbose [8ms]
2024-11-14 20:06:21.148 [info] > git config --get commit.template [8ms]
2024-11-14 20:06:21.161 [info] > git for-each-ref --format=%(refname)%00%(upstream:short)%00%(objectname) refs/heads/master refs/remotes/master [15ms]
2024-11-14 20:06:21.179 [info] > git rev-list --left-right --count master...origin/master [12ms]
2024-11-14 20:06:21.185 [warning] [Git][revParse] Unable to read file: ENOENT: no such file or directory, open '/WORK/thuscc24team04_work/Neko/json-fortran/.git/refs/remotes/origin/master'
2024-11-14 20:06:21.191 [info] > git rev-parse refs/remotes/origin/master [6ms]
2024-11-14 20:06:21.216 [info] > git for-each-ref --sort -committerdate --format %(refname) %(objectname) %(*objectname) [14ms]
2024-11-14 20:06:21.296 [info] > git status -z -uall [99ms]
2024-11-14 20:06:26.306 [warning] [Git][getRemotes] Error: ENOENT: no such file or directory, open '/WORK/thuscc24team04_work/Neko/json-fortran/--git-common-dir/config'
2024-11-14 20:06:26.317 [info] > git config --get commit.template [6ms]
2024-11-14 20:06:26.318 [info] > git remote --verbose [12ms]
2024-11-14 20:06:26.331 [info] > git for-each-ref --format=%(refname)%00%(upstream:short)%00%(objectname) refs/heads/master refs/remotes/master [15ms]
2024-11-14 20:06:26.348 [info] > git rev-list --left-right --count master...origin/master [11ms]
2024-11-14 20:06:26.353 [warning] [Git][revParse] Unable to read file: ENOENT: no such file or directory, open '/WORK/thuscc24team04_work/Neko/json-fortran/.git/refs/remotes/origin/master'
2024-11-14 20:06:26.360 [info] > git rev-parse refs/remotes/origin/master [6ms]
2024-11-14 20:06:26.386 [info] > git for-each-ref --sort -committerdate --format %(refname) %(objectname) %(*objectname) [15ms]
2024-11-14 20:06:26.476 [info] > git status -z -uall [112ms]
2024-11-14 20:07:34.047 [info] > git fetch [825ms]
2024-11-14 20:07:34.056 [warning] [Git][getRemotes] Error: ENOENT: no such file or directory, open '/WORK/thuscc24team04_work/Neko/json-fortran/--git-common-dir/config'
2024-11-14 20:07:34.064 [info] > git remote --verbose [8ms]
2024-11-14 20:07:34.071 [info] > git config --get commit.template [8ms]
2024-11-14 20:07:34.085 [info] > git for-each-ref --format=%(refname)%00%(upstream:short)%00%(objectname) refs/heads/master refs/remotes/master [15ms]
2024-11-14 20:07:34.101 [info] > git rev-list --left-right --count master...origin/master [11ms]
2024-11-14 20:07:34.106 [warning] [Git][revParse] Unable to read file: ENOENT: no such file or directory, open '/WORK/thuscc24team04_work/Neko/json-fortran/.git/refs/remotes/origin/master'
2024-11-14 20:07:34.112 [info] > git rev-parse refs/remotes/origin/master [6ms]
2024-11-14 20:07:34.138 [info] > git for-each-ref --sort -committerdate --format %(refname) %(objectname) %(*objectname) [14ms]
2024-11-14 20:07:34.220 [info] > git status -z -uall [103ms]
2024-11-14 20:10:39.661 [info] > git fetch [5427ms]
2024-11-14 20:10:39.661 [info] fatal: unable to access 'https://github.com/jacobwilliams/json-fortran.git/': Empty reply from server
2024-11-14 20:10:39.669 [warning] [Git][getRemotes] Error: ENOENT: no such file or directory, open '/WORK/thuscc24team04_work/Neko/json-fortran/--git-common-dir/config'
2024-11-14 20:10:39.707 [info] > git for-each-ref --format=%(refname)%00%(upstream:short)%00%(objectname) refs/heads/master refs/remotes/master [23ms]
2024-11-14 20:10:39.714 [info] > git remote --verbose [45ms]
2024-11-14 20:10:39.714 [info] > git config --get commit.template [37ms]
2024-11-14 20:10:39.725 [info] > git rev-list --left-right --count master...origin/master [12ms]
2024-11-14 20:10:39.731 [warning] [Git][revParse] Unable to read file: ENOENT: no such file or directory, open '/WORK/thuscc24team04_work/Neko/json-fortran/.git/refs/remotes/origin/master'
2024-11-14 20:10:39.737 [info] > git rev-parse refs/remotes/origin/master [6ms]
2024-11-14 20:10:39.765 [info] > git for-each-ref --sort -committerdate --format %(refname) %(objectname) %(*objectname) [15ms]
2024-11-14 20:10:39.852 [info] > git status -z -uall [109ms]
2024-11-14 20:15:47.226 [info] > git fetch [127362ms]
2024-11-14 20:15:47.226 [info] fatal: unable to access 'https://github.com/jacobwilliams/json-fortran.git/': Failed connect to github.com:443; Connection timed out
2024-11-14 20:15:47.235 [warning] [Git][getRemotes] Error: ENOENT: no such file or directory, open '/WORK/thuscc24team04_work/Neko/json-fortran/--git-common-dir/config'
2024-11-14 20:15:47.247 [info] > git config --get commit.template [6ms]
2024-11-14 20:15:47.248 [info] > git remote --verbose [12ms]
2024-11-14 20:15:47.262 [info] > git for-each-ref --format=%(refname)%00%(upstream:short)%00%(objectname) refs/heads/master refs/remotes/master [16ms]
2024-11-14 20:15:47.278 [info] > git rev-list --left-right --count master...origin/master [11ms]
2024-11-14 20:15:47.283 [warning] [Git][revParse] Unable to read file: ENOENT: no such file or directory, open '/WORK/thuscc24team04_work/Neko/json-fortran/.git/refs/remotes/origin/master'
2024-11-14 20:15:47.289 [info] > git rev-parse refs/remotes/origin/master [6ms]
2024-11-14 20:15:47.318 [info] > git for-each-ref --sort -committerdate --format %(refname) %(objectname) %(*objectname) [15ms]
2024-11-14 20:15:47.396 [info] > git status -z -uall [100ms]
2024-11-14 20:19:24.268 [info] > git fetch [5428ms]
2024-11-14 20:19:24.268 [info] fatal: unable to access 'https://github.com/jacobwilliams/json-fortran.git/': Empty reply from server
2024-11-14 20:19:24.275 [warning] [Git][getRemotes] Error: ENOENT: no such file or directory, open '/WORK/thuscc24team04_work/Neko/json-fortran/--git-common-dir/config'
2024-11-14 20:19:24.289 [info] > git config --get commit.template [7ms]
2024-11-14 20:19:24.289 [info] > git remote --verbose [14ms]
2024-11-14 20:19:24.303 [info] > git for-each-ref --format=%(refname)%00%(upstream:short)%00%(objectname) refs/heads/master refs/remotes/master [16ms]
2024-11-14 20:19:24.320 [info] > git rev-list --left-right --count master...origin/master [11ms]
2024-11-14 20:19:24.325 [warning] [Git][revParse] Unable to read file: ENOENT: no such file or directory, open '/WORK/thuscc24team04_work/Neko/json-fortran/.git/refs/remotes/origin/master'
2024-11-14 20:19:24.332 [info] > git rev-parse refs/remotes/origin/master [7ms]
2024-11-14 20:19:24.370 [info] > git for-each-ref --sort -committerdate --format %(refname) %(objectname) %(*objectname) [27ms]
2024-11-14 20:19:24.446 [info] > git status -z -uall [109ms]
2024-11-14 20:24:31.771 [info] > git fetch [127307ms]
2024-11-14 20:24:31.771 [info] fatal: unable to access 'https://github.com/jacobwilliams/json-fortran.git/': Failed connect to github.com:443; Connection timed out
2024-11-14 20:24:31.778 [warning] [Git][getRemotes] Error: ENOENT: no such file or directory, open '/WORK/thuscc24team04_work/Neko/json-fortran/--git-common-dir/config'
2024-11-14 20:24:31.787 [info] > git remote --verbose [9ms]
2024-11-14 20:24:31.794 [info] > git config --get commit.template [8ms]
2024-11-14 20:24:31.809 [info] > git for-each-ref --format=%(refname)%00%(upstream:short)%00%(objectname) refs/heads/master refs/remotes/master [15ms]
2024-11-14 20:24:31.824 [info] > git rev-list --left-right --count master...origin/master [10ms]
2024-11-14 20:24:31.829 [warning] [Git][revParse] Unable to read file: ENOENT: no such file or directory, open '/WORK/thuscc24team04_work/Neko/json-fortran/.git/refs/remotes/origin/master'
2024-11-14 20:24:31.835 [info] > git rev-parse refs/remotes/origin/master [6ms]
2024-11-14 20:24:31.863 [info] > git for-each-ref --sort -committerdate --format %(refname) %(objectname) %(*objectname) [14ms]
2024-11-14 20:24:31.945 [info] > git status -z -uall [104ms]
2024-11-14 20:28:15.962 [info] > git fetch [850ms]
2024-11-14 20:28:15.969 [warning] [Git][getRemotes] Error: ENOENT: no such file or directory, open '/WORK/thuscc24team04_work/Neko/json-fortran/--git-common-dir/config'
2024-11-14 20:28:15.977 [info] > git remote --verbose [8ms]
2024-11-14 20:28:15.983 [info] > git config --get commit.template [6ms]
2024-11-14 20:28:15.996 [info] > git for-each-ref --format=%(refname)%00%(upstream:short)%00%(objectname) refs/heads/master refs/remotes/master [14ms]
2024-11-14 20:28:16.012 [info] > git rev-list --left-right --count master...origin/master [11ms]
2024-11-14 20:28:16.018 [warning] [Git][revParse] Unable to read file: ENOENT: no such file or directory, open '/WORK/thuscc24team04_work/Neko/json-fortran/.git/refs/remotes/origin/master'
2024-11-14 20:28:16.024 [info] > git rev-parse refs/remotes/origin/master [7ms]
2024-11-14 20:28:16.052 [info] > git for-each-ref --sort -committerdate --format %(refname) %(objectname) %(*objectname) [15ms]
2024-11-14 20:28:16.133 [info] > git status -z -uall [103ms]
2024-11-14 20:31:17.001 [info] > git fetch [853ms]
2024-11-14 20:31:17.008 [warning] [Git][getRemotes] Error: ENOENT: no such file or directory, open '/WORK/thuscc24team04_work/Neko/json-fortran/--git-common-dir/config'
2024-11-14 20:31:17.016 [info] > git remote --verbose [8ms]
2024-11-14 20:31:17.023 [info] > git config --get commit.template [7ms]
2024-11-14 20:31:17.038 [info] > git for-each-ref --format=%(refname)%00%(upstream:short)%00%(objectname) refs/heads/master refs/remotes/master [16ms]
2024-11-14 20:31:17.054 [info] > git rev-list --left-right --count master...origin/master [11ms]
2024-11-14 20:31:17.059 [warning] [Git][revParse] Unable to read file: ENOENT: no such file or directory, open '/WORK/thuscc24team04_work/Neko/json-fortran/.git/refs/remotes/origin/master'
2024-11-14 20:31:17.065 [info] > git rev-parse refs/remotes/origin/master [6ms]
2024-11-14 20:31:17.092 [info] > git for-each-ref --sort -committerdate --format %(refname) %(objectname) %(*objectname) [15ms]
2024-11-14 20:31:17.185 [info] > git status -z -uall [115ms]
2024-11-14 20:31:54.746 [info] > git rev-parse --show-toplevel [3ms]
2024-11-14 20:31:54.747 [info] fatal: Not a git repository (or any parent up to mount point /WORK)
Stopping at filesystem boundary (GIT_DISCOVERY_ACROSS_FILESYSTEM not set).
2024-11-14 20:34:18.079 [info] > git fetch [880ms]
2024-11-14 20:34:18.087 [warning] [Git][getRemotes] Error: ENOENT: no such file or directory, open '/WORK/thuscc24team04_work/Neko/json-fortran/--git-common-dir/config'
2024-11-14 20:34:18.096 [info] > git remote --verbose [9ms]
2024-11-14 20:34:18.102 [info] > git config --get commit.template [7ms]
2024-11-14 20:34:18.117 [info] > git for-each-ref --format=%(refname)%00%(upstream:short)%00%(objectname) refs/heads/master refs/remotes/master [16ms]
2024-11-14 20:34:18.133 [info] > git rev-list --left-right --count master...origin/master [11ms]
2024-11-14 20:34:18.138 [warning] [Git][revParse] Unable to read file: ENOENT: no such file or directory, open '/WORK/thuscc24team04_work/Neko/json-fortran/.git/refs/remotes/origin/master'
2024-11-14 20:34:18.144 [info] > git rev-parse refs/remotes/origin/master [6ms]
2024-11-14 20:34:18.170 [info] > git for-each-ref --sort -committerdate --format %(refname) %(objectname) %(*objectname) [15ms]
2024-11-14 20:34:18.256 [info] > git status -z -uall [106ms]
2024-11-14 20:38:09.149 [info] > git fetch [839ms]
2024-11-14 20:38:09.158 [warning] [Git][getRemotes] Error: ENOENT: no such file or directory, open '/WORK/thuscc24team04_work/Neko/json-fortran/--git-common-dir/config'
2024-11-14 20:38:09.167 [info] > git remote --verbose [9ms]
2024-11-14 20:38:09.174 [info] > git config --get commit.template [7ms]
2024-11-14 20:38:09.188 [info] > git for-each-ref --format=%(refname)%00%(upstream:short)%00%(objectname) refs/heads/master refs/remotes/master [14ms]
2024-11-14 20:38:09.203 [info] > git rev-list --left-right --count master...origin/master [10ms]
2024-11-14 20:38:09.208 [warning] [Git][revParse] Unable to read file: ENOENT: no such file or directory, open '/WORK/thuscc24team04_work/Neko/json-fortran/.git/refs/remotes/origin/master'
2024-11-14 20:38:09.214 [info] > git rev-parse refs/remotes/origin/master [6ms]
2024-11-14 20:38:09.240 [info] > git for-each-ref --sort -committerdate --format %(refname) %(objectname) %(*objectname) [14ms]
2024-11-14 20:38:09.322 [info] > git status -z -uall [103ms]
2024-11-14 20:41:19.669 [info] > git fetch [10337ms]
2024-11-14 20:41:19.669 [info] fatal: unable to access 'https://github.com/jacobwilliams/json-fortran.git/': Encountered end of file
2024-11-14 20:41:19.677 [warning] [Git][getRemotes] Error: ENOENT: no such file or directory, open '/WORK/thuscc24team04_work/Neko/json-fortran/--git-common-dir/config'
2024-11-14 20:41:19.690 [info] > git config --get commit.template [8ms]
2024-11-14 20:41:19.690 [info] > git remote --verbose [14ms]
2024-11-14 20:41:19.704 [info] > git for-each-ref --format=%(refname)%00%(upstream:short)%00%(objectname) refs/heads/master refs/remotes/master [15ms]
2024-11-14 20:41:19.720 [info] > git rev-list --left-right --count master...origin/master [11ms]
2024-11-14 20:41:19.725 [warning] [Git][revParse] Unable to read file: ENOENT: no such file or directory, open '/WORK/thuscc24team04_work/Neko/json-fortran/.git/refs/remotes/origin/master'
2024-11-14 20:41:19.732 [info] > git rev-parse refs/remotes/origin/master [6ms]
2024-11-14 20:41:19.759 [info] > git for-each-ref --sort -committerdate --format %(refname) %(objectname) %(*objectname) [14ms]
2024-11-14 20:41:19.832 [info] > git status -z -uall [94ms]
2024-11-14 20:46:27.098 [info] > git fetch [127252ms]
2024-11-14 20:46:27.099 [info] fatal: unable to access 'https://github.com/jacobwilliams/json-fortran.git/': Failed connect to github.com:443; Connection timed out
2024-11-14 20:46:27.107 [warning] [Git][getRemotes] Error: ENOENT: no such file or directory, open '/WORK/thuscc24team04_work/Neko/json-fortran/--git-common-dir/config'
2024-11-14 20:46:27.117 [info] > git remote --verbose [10ms]
2024-11-14 20:46:27.125 [info] > git config --get commit.template [9ms]
2024-11-14 20:46:27.141 [info] > git for-each-ref --format=%(refname)%00%(upstream:short)%00%(objectname) refs/heads/master refs/remotes/master [16ms]
2024-11-14 20:46:27.157 [info] > git rev-list --left-right --count master...origin/master [11ms]
2024-11-14 20:46:27.162 [warning] [Git][revParse] Unable to read file: ENOENT: no such file or directory, open '/WORK/thuscc24team04_work/Neko/json-fortran/.git/refs/remotes/origin/master'
2024-11-14 20:46:27.168 [info] > git rev-parse refs/remotes/origin/master [6ms]
2024-11-14 20:46:27.197 [info] > git for-each-ref --sort -committerdate --format %(refname) %(objectname) %(*objectname) [15ms]
2024-11-14 20:46:27.294 [info] > git status -z -uall [119ms]
2024-11-14 20:55:50.526 [info] > git fetch [877ms]
2024-11-14 20:55:50.533 [warning] [Git][getRemotes] Error: ENOENT: no such file or directory, open '/WORK/thuscc24team04_work/Neko/json-fortran/--git-common-dir/config'
2024-11-14 20:55:50.547 [info] > git config --get commit.template [8ms]
2024-11-14 20:55:50.547 [info] > git remote --verbose [14ms]
2024-11-14 20:55:50.560 [info] > git for-each-ref --format=%(refname)%00%(upstream:short)%00%(objectname) refs/heads/master refs/remotes/master [15ms]
2024-11-14 20:55:50.578 [info] > git rev-list --left-right --count master...origin/master [12ms]
2024-11-14 20:55:50.583 [warning] [Git][revParse] Unable to read file: ENOENT: no such file or directory, open '/WORK/thuscc24team04_work/Neko/json-fortran/.git/refs/remotes/origin/master'
2024-11-14 20:55:50.592 [info] > git rev-parse refs/remotes/origin/master [8ms]
2024-11-14 20:55:50.618 [info] > git for-each-ref --sort -committerdate --format %(refname) %(objectname) %(*objectname) [14ms]
2024-11-14 20:55:50.701 [info] > git status -z -uall [104ms]
2024-11-14 20:56:34.127 [info] > git rev-parse --show-toplevel [2ms]
2024-11-14 20:56:34.128 [info] fatal: Not a git repository (or any parent up to mount point /WORK)
Stopping at filesystem boundary (GIT_DISCOVERY_ACROSS_FILESYSTEM not set).
2024-11-14 20:56:53.183 [info] > git rev-parse --show-toplevel [3ms]
2024-11-14 20:56:53.184 [info] fatal: Not a git repository (or any parent up to mount point /WORK)
Stopping at filesystem boundary (GIT_DISCOVERY_ACROSS_FILESYSTEM not set).
2024-11-14 20:57:01.974 [info] > git rev-parse --show-toplevel [2ms]
2024-11-14 20:57:01.974 [info] fatal: Not a git repository (or any parent up to mount point /WORK)
Stopping at filesystem boundary (GIT_DISCOVERY_ACROSS_FILESYSTEM not set).
2024-11-14 20:58:00.356 [info] > git rev-parse --show-toplevel [3ms]
2024-11-14 20:58:00.357 [info] fatal: Not a git repository (or any parent up to mount point /WORK)
Stopping at filesystem boundary (GIT_DISCOVERY_ACROSS_FILESYSTEM not set).
2024-11-14 20:58:03.332 [info] > git rev-parse --show-toplevel [5ms]
2024-11-14 20:58:03.333 [info] fatal: Not a git repository (or any parent up to mount point /WORK)
Stopping at filesystem boundary (GIT_DISCOVERY_ACROSS_FILESYSTEM not set).
2024-11-14 20:58:51.603 [info] > git fetch [888ms]
2024-11-14 20:58:51.609 [warning] [Git][getRemotes] Error: ENOENT: no such file or directory, open '/WORK/thuscc24team04_work/Neko/json-fortran/--git-common-dir/config'
2024-11-14 20:58:51.623 [info] > git config --get commit.template [7ms]
2024-11-14 20:58:51.623 [info] > git remote --verbose [14ms]
2024-11-14 20:58:51.639 [info] > git for-each-ref --format=%(refname)%00%(upstream:short)%00%(objectname) refs/heads/master refs/remotes/master [18ms]
2024-11-14 20:58:51.656 [info] > git rev-list --left-right --count master...origin/master [11ms]
2024-11-14 20:58:51.661 [warning] [Git][revParse] Unable to read file: ENOENT: no such file or directory, open '/WORK/thuscc24team04_work/Neko/json-fortran/.git/refs/remotes/origin/master'
2024-11-14 20:58:51.668 [info] > git rev-parse refs/remotes/origin/master [6ms]
2024-11-14 20:58:51.695 [info] > git for-each-ref --sort -committerdate --format %(refname) %(objectname) %(*objectname) [15ms]
2024-11-14 20:58:51.784 [info] > git status -z -uall [111ms]
2024-11-14 20:59:51.833 [info] > git rev-parse --show-toplevel [3ms]
2024-11-14 20:59:51.833 [info] fatal: Not a git repository (or any parent up to mount point /WORK)
Stopping at filesystem boundary (GIT_DISCOVERY_ACROSS_FILESYSTEM not set).
2024-11-14 21:00:41.760 [info] > git rev-parse --show-toplevel [2ms]
2024-11-14 21:00:41.761 [info] fatal: Not a git repository (or any parent up to mount point /WORK)
Stopping at filesystem boundary (GIT_DISCOVERY_ACROSS_FILESYSTEM not set).
2024-11-14 21:00:49.269 [info] > git rev-parse --show-toplevel [3ms]
2024-11-14 21:00:49.269 [info] fatal: Not a git repository (or any parent up to mount point /WORK)
Stopping at filesystem boundary (GIT_DISCOVERY_ACROSS_FILESYSTEM not set).
2024-11-14 21:01:52.789 [info] > git fetch [900ms]
2024-11-14 21:01:52.797 [warning] [Git][getRemotes] Error: ENOENT: no such file or directory, open '/WORK/thuscc24team04_work/Neko/json-fortran/--git-common-dir/config'
2024-11-14 21:01:52.810 [info] > git config --get commit.template [8ms]
2024-11-14 21:01:52.811 [info] > git remote --verbose [14ms]
2024-11-14 21:01:52.825 [info] > git for-each-ref --format=%(refname)%00%(upstream:short)%00%(objectname) refs/heads/master refs/remotes/master [16ms]
2024-11-14 21:01:52.842 [info] > git rev-list --left-right --count master...origin/master [11ms]
2024-11-14 21:01:52.849 [warning] [Git][revParse] Unable to read file: ENOENT: no such file or directory, open '/WORK/thuscc24team04_work/Neko/json-fortran/.git/refs/remotes/origin/master'
2024-11-14 21:01:52.855 [info] > git rev-parse refs/remotes/origin/master [6ms]
2024-11-14 21:01:52.883 [info] > git for-each-ref --sort -committerdate --format %(refname) %(objectname) %(*objectname) [14ms]
2024-11-14 21:01:53.126 [info] > git status -z -uall [265ms]
2024-11-14 21:02:22.643 [info] > git rev-parse --show-toplevel [14ms]
2024-11-14 21:02:22.643 [info] fatal: Not a git repository (or any parent up to mount point /WORK)
Stopping at filesystem boundary (GIT_DISCOVERY_ACROSS_FILESYSTEM not set).
2024-11-14 21:02:27.046 [info] > git rev-parse --show-toplevel [2ms]
2024-11-14 21:02:27.046 [info] fatal: Not a git repository (or any parent up to mount point /WORK)
Stopping at filesystem boundary (GIT_DISCOVERY_ACROSS_FILESYSTEM not set).
2024-11-14 21:05:03.493 [info] > git fetch [10351ms]
2024-11-14 21:05:03.494 [info] fatal: unable to access 'https://github.com/jacobwilliams/json-fortran.git/': Encountered end of file
2024-11-14 21:05:03.503 [warning] [Git][getRemotes] Error: ENOENT: no such file or directory, open '/WORK/thuscc24team04_work/Neko/json-fortran/--git-common-dir/config'
2024-11-14 21:05:03.511 [info] > git remote --verbose [8ms]
2024-11-14 21:05:03.518 [info] > git config --get commit.template [7ms]
2024-11-14 21:05:03.534 [info] > git for-each-ref --format=%(refname)%00%(upstream:short)%00%(objectname) refs/heads/master refs/remotes/master [17ms]
2024-11-14 21:05:03.551 [info] > git rev-list --left-right --count master...origin/master [12ms]
2024-11-14 21:05:03.558 [warning] [Git][revParse] Unable to read file: ENOENT: no such file or directory, open '/WORK/thuscc24team04_work/Neko/json-fortran/.git/refs/remotes/origin/master'
2024-11-14 21:05:03.564 [info] > git rev-parse refs/remotes/origin/master [7ms]
2024-11-14 21:05:03.593 [info] > git for-each-ref --sort -committerdate --format %(refname) %(objectname) %(*objectname) [16ms]
2024-11-14 21:05:03.691 [info] > git status -z -uall [120ms]
2024-11-14 21:06:24.783 [info] > git rev-parse --show-toplevel [3ms]
2024-11-14 21:06:24.784 [info] fatal: Not a git repository (or any parent up to mount point /WORK)
Stopping at filesystem boundary (GIT_DISCOVERY_ACROSS_FILESYSTEM not set).
2024-11-14 21:06:32.944 [info] > git rev-parse --show-toplevel [3ms]
2024-11-14 21:06:32.944 [info] fatal: Not a git repository (or any parent up to mount point /WORK)
Stopping at filesystem boundary (GIT_DISCOVERY_ACROSS_FILESYSTEM not set).
2024-11-14 21:06:38.967 [info] > git rev-parse --show-toplevel [2ms]
2024-11-14 21:06:38.967 [info] fatal: Not a git repository (or any parent up to mount point /WORK)
Stopping at filesystem boundary (GIT_DISCOVERY_ACROSS_FILESYSTEM not set).
2024-11-14 21:06:41.340 [info] > git rev-parse --show-toplevel [6ms]
2024-11-14 21:06:41.340 [info] fatal: Not a git repository (or any parent up to mount point /WORK)
Stopping at filesystem boundary (GIT_DISCOVERY_ACROSS_FILESYSTEM not set).
2024-11-14 21:09:31.756 [info] > git rev-parse --show-toplevel [2ms]
2024-11-14 21:09:31.756 [info] fatal: Not a git repository (or any parent up to mount point /WORK)
Stopping at filesystem boundary (GIT_DISCOVERY_ACROSS_FILESYSTEM not set).
2024-11-14 21:09:34.647 [info] > git rev-parse --show-toplevel [1ms]
2024-11-14 21:09:34.647 [info] fatal: Not a git repository (or any parent up to mount point /WORK)
Stopping at filesystem boundary (GIT_DISCOVERY_ACROSS_FILESYSTEM not set).
2024-11-14 21:10:11.064 [info] > git fetch [127359ms]
2024-11-14 21:10:11.064 [info] fatal: unable to access 'https://github.com/jacobwilliams/json-fortran.git/': Failed connect to github.com:443; Connection timed out
2024-11-14 21:10:11.072 [warning] [Git][getRemotes] Error: ENOENT: no such file or directory, open '/WORK/thuscc24team04_work/Neko/json-fortran/--git-common-dir/config'
2024-11-14 21:10:11.080 [info] > git remote --verbose [7ms]
2024-11-14 21:10:11.087 [info] > git config --get commit.template [9ms]
2024-11-14 21:10:11.104 [info] > git for-each-ref --format=%(refname)%00%(upstream:short)%00%(objectname) refs/heads/master refs/remotes/master [18ms]
2024-11-14 21:10:11.121 [info] > git rev-list --left-right --count master...origin/master [12ms]
2024-11-14 21:10:11.127 [warning] [Git][revParse] Unable to read file: ENOENT: no such file or directory, open '/WORK/thuscc24team04_work/Neko/json-fortran/.git/refs/remotes/origin/master'
2024-11-14 21:10:11.133 [info] > git rev-parse refs/remotes/origin/master [6ms]
2024-11-14 21:10:11.163 [info] > git for-each-ref --sort -committerdate --format %(refname) %(objectname) %(*objectname) [15ms]
2024-11-14 21:10:11.255 [info] > git status -z -uall [115ms]
2024-11-14 21:13:30.175 [info] > git fetch [901ms]
2024-11-14 21:13:30.182 [warning] [Git][getRemotes] Error: ENOENT: no such file or directory, open '/WORK/thuscc24team04_work/Neko/json-fortran/--git-common-dir/config'
2024-11-14 21:13:30.189 [info] > git remote --verbose [7ms]
2024-11-14 21:13:30.196 [info] > git config --get commit.template [8ms]
2024-11-14 21:13:30.211 [info] > git for-each-ref --format=%(refname)%00%(upstream:short)%00%(objectname) refs/heads/master refs/remotes/master [16ms]
2024-11-14 21:13:30.229 [info] > git rev-list --left-right --count master...origin/master [12ms]
2024-11-14 21:13:30.234 [warning] [Git][revParse] Unable to read file: ENOENT: no such file or directory, open '/WORK/thuscc24team04_work/Neko/json-fortran/.git/refs/remotes/origin/master'
2024-11-14 21:13:30.241 [info] > git rev-parse refs/remotes/origin/master [7ms]
2024-11-14 21:13:30.267 [info] > git for-each-ref --sort -committerdate --format %(refname) %(objectname) %(*objectname) [14ms]
2024-11-14 21:13:30.392 [info] > git status -z -uall [146ms]
2024-11-14 21:16:31.284 [info] > git fetch [878ms]
2024-11-14 21:16:31.292 [warning] [Git][getRemotes] Error: ENOENT: no such file or directory, open '/WORK/thuscc24team04_work/Neko/json-fortran/--git-common-dir/config'
2024-11-14 21:16:31.299 [info] > git remote --verbose [8ms]
2024-11-14 21:16:31.305 [info] > git config --get commit.template [7ms]
2024-11-14 21:16:31.320 [info] > git for-each-ref --format=%(refname)%00%(upstream:short)%00%(objectname) refs/heads/master refs/remotes/master [16ms]
2024-11-14 21:16:31.336 [info] > git rev-list --left-right --count master...origin/master [11ms]
2024-11-14 21:16:31.341 [warning] [Git][revParse] Unable to read file: ENOENT: no such file or directory, open '/WORK/thuscc24team04_work/Neko/json-fortran/.git/refs/remotes/origin/master'
2024-11-14 21:16:31.348 [info] > git rev-parse refs/remotes/origin/master [6ms]
2024-11-14 21:16:31.375 [info] > git for-each-ref --sort -committerdate --format %(refname) %(objectname) %(*objectname) [14ms]
2024-11-14 21:16:31.467 [info] > git status -z -uall [114ms]
2024-11-14 21:17:24.174 [info] > git rev-parse --show-toplevel [2ms]
2024-11-14 21:17:24.174 [info] fatal: Not a git repository (or any parent up to mount point /WORK)
Stopping at filesystem boundary (GIT_DISCOVERY_ACROSS_FILESYSTEM not set).
2024-11-14 21:17:39.979 [info] > git rev-parse --show-toplevel [2ms]
2024-11-14 21:17:39.980 [info] fatal: Not a git repository (or any parent up to mount point /WORK)
Stopping at filesystem boundary (GIT_DISCOVERY_ACROSS_FILESYSTEM not set).
2024-11-14 21:17:56.266 [info] > git rev-parse --show-toplevel [2ms]
2024-11-14 21:17:56.267 [info] fatal: Not a git repository (or any parent up to mount point /WORK)
Stopping at filesystem boundary (GIT_DISCOVERY_ACROSS_FILESYSTEM not set).
2024-11-14 21:19:14.424 [info] > git rev-parse --show-toplevel [3ms]
2024-11-14 21:19:14.425 [info] fatal: Not a git repository (or any parent up to mount point /WORK)
Stopping at filesystem boundary (GIT_DISCOVERY_ACROSS_FILESYSTEM not set).
2024-11-14 21:19:20.270 [info] > git rev-parse --show-toplevel [3ms]
2024-11-14 21:19:20.270 [info] fatal: Not a git repository (or any parent up to mount point /WORK)
Stopping at filesystem boundary (GIT_DISCOVERY_ACROSS_FILESYSTEM not set).
2024-11-14 21:19:32.351 [info] > git fetch [874ms]
2024-11-14 21:19:32.358 [warning] [Git][getRemotes] Error: ENOENT: no such file or directory, open '/WORK/thuscc24team04_work/Neko/json-fortran/--git-common-dir/config'
2024-11-14 21:19:32.368 [info] > git remote --verbose [9ms]
2024-11-14 21:19:32.375 [info] > git config --get commit.template [9ms]
2024-11-14 21:19:32.390 [info] > git for-each-ref --format=%(refname)%00%(upstream:short)%00%(objectname) refs/heads/master refs/remotes/master [15ms]
2024-11-14 21:19:32.406 [info] > git rev-list --left-right --count master...origin/master [10ms]
2024-11-14 21:19:32.412 [warning] [Git][revParse] Unable to read file: ENOENT: no such file or directory, open '/WORK/thuscc24team04_work/Neko/json-fortran/.git/refs/remotes/origin/master'
2024-11-14 21:19:32.418 [info] > git rev-parse refs/remotes/origin/master [7ms]
2024-11-14 21:19:32.445 [info] > git for-each-ref --sort -committerdate --format %(refname) %(objectname) %(*objectname) [14ms]
2024-11-14 21:19:32.540 [info] > git status -z -uall [117ms]
2024-11-14 21:20:30.563 [info] > git rev-parse --show-toplevel [2ms]
2024-11-14 21:20:30.563 [info] fatal: Not a git repository (or any parent up to mount point /WORK)
Stopping at filesystem boundary (GIT_DISCOVERY_ACROSS_FILESYSTEM not set).
2024-11-14 21:20:32.862 [info] > git rev-parse --show-toplevel [5ms]
2024-11-14 21:20:32.862 [info] fatal: Not a git repository (or any parent up to mount point /WORK)
Stopping at filesystem boundary (GIT_DISCOVERY_ACROSS_FILESYSTEM not set).
2024-11-14 21:20:41.886 [info] > git rev-parse --show-toplevel [2ms]
2024-11-14 21:20:41.887 [info] fatal: Not a git repository (or any parent up to mount point /WORK)
Stopping at filesystem boundary (GIT_DISCOVERY_ACROSS_FILESYSTEM not set).
2024-11-14 21:21:01.814 [info] > git rev-parse --show-toplevel [2ms]
2024-11-14 21:21:01.814 [info] fatal: Not a git repository (or any parent up to mount point /WORK)
Stopping at filesystem boundary (GIT_DISCOVERY_ACROSS_FILESYSTEM not set).
2024-11-14 21:21:02.755 [info] > git rev-parse --show-toplevel [4ms]
2024-11-14 21:21:02.756 [info] fatal: Not a git repository (or any parent up to mount point /WORK)
Stopping at filesystem boundary (GIT_DISCOVERY_ACROSS_FILESYSTEM not set).
2024-11-14 21:22:33.403 [info] > git fetch [852ms]
2024-11-14 21:22:33.409 [warning] [Git][getRemotes] Error: ENOENT: no such file or directory, open '/WORK/thuscc24team04_work/Neko/json-fortran/--git-common-dir/config'
2024-11-14 21:22:33.421 [info] > git config --get commit.template [6ms]
2024-11-14 21:22:33.421 [info] > git remote --verbose [12ms]
2024-11-14 21:22:33.435 [info] > git for-each-ref --format=%(refname)%00%(upstream:short)%00%(objectname) refs/heads/master refs/remotes/master [15ms]
2024-11-14 21:22:33.450 [info] > git rev-list --left-right --count master...origin/master [10ms]
2024-11-14 21:22:33.454 [warning] [Git][revParse] Unable to read file: ENOENT: no such file or directory, open '/WORK/thuscc24team04_work/Neko/json-fortran/.git/refs/remotes/origin/master'
2024-11-14 21:22:33.460 [info] > git rev-parse refs/remotes/origin/master [6ms]
2024-11-14 21:22:33.483 [info] > git for-each-ref --sort -committerdate --format %(refname) %(objectname) %(*objectname) [14ms]
2024-11-14 21:22:33.577 [info] > git status -z -uall [113ms]
2024-11-14 21:25:25.883 [info] > git rev-parse --show-toplevel [2ms]
2024-11-14 21:25:25.883 [info] fatal: Not a git repository (or any parent up to mount point /WORK)
Stopping at filesystem boundary (GIT_DISCOVERY_ACROSS_FILESYSTEM not set).
2024-11-14 21:25:33.600 [info] > git rev-parse --show-toplevel [2ms]
2024-11-14 21:25:33.601 [info] fatal: Not a git repository (or any parent up to mount point /WORK)
Stopping at filesystem boundary (GIT_DISCOVERY_ACROSS_FILESYSTEM not set).
2024-11-14 21:25:34.458 [info] > git fetch [870ms]
2024-11-14 21:25:34.465 [warning] [Git][getRemotes] Error: ENOENT: no such file or directory, open '/WORK/thuscc24team04_work/Neko/json-fortran/--git-common-dir/config'
2024-11-14 21:25:34.475 [info] > git remote --verbose [9ms]
2024-11-14 21:25:34.480 [info] > git config --get commit.template [8ms]
2024-11-14 21:25:34.495 [info] > git for-each-ref --format=%(refname)%00%(upstream:short)%00%(objectname) refs/heads/master refs/remotes/master [15ms]
2024-11-14 21:25:34.511 [info] > git rev-list --left-right --count master...origin/master [11ms]
2024-11-14 21:25:34.517 [warning] [Git][revParse] Unable to read file: ENOENT: no such file or directory, open '/WORK/thuscc24team04_work/Neko/json-fortran/.git/refs/remotes/origin/master'
2024-11-14 21:25:34.523 [info] > git rev-parse refs/remotes/origin/master [6ms]
2024-11-14 21:25:34.551 [info] > git for-each-ref --sort -committerdate --format %(refname) %(objectname) %(*objectname) [15ms]
2024-11-14 21:25:34.644 [info] > git status -z -uall [115ms]
2024-11-14 21:26:40.164 [info] > git rev-parse --show-toplevel [11ms]
2024-11-14 21:26:40.164 [info] fatal: Not a git repository (or any parent up to mount point /WORK)
Stopping at filesystem boundary (GIT_DISCOVERY_ACROSS_FILESYSTEM not set).
2024-11-14 21:26:48.840 [info] > git rev-parse --show-toplevel [2ms]
2024-11-14 21:26:48.840 [info] fatal: Not a git repository (or any parent up to mount point /WORK)
Stopping at filesystem boundary (GIT_DISCOVERY_ACROSS_FILESYSTEM not set).
2024-11-14 21:27:31.467 [info] > git rev-parse --show-toplevel [2ms]
2024-11-14 21:27:31.467 [info] fatal: Not a git repository (or any parent up to mount point /WORK)
Stopping at filesystem boundary (GIT_DISCOVERY_ACROSS_FILESYSTEM not set).
2024-11-14 21:27:46.219 [info] > git rev-parse --show-toplevel [2ms]
2024-11-14 21:27:46.219 [info] fatal: Not a git repository (or any parent up to mount point /WORK)
Stopping at filesystem boundary (GIT_DISCOVERY_ACROSS_FILESYSTEM not set).
2024-11-14 21:27:58.151 [info] > git rev-parse --show-toplevel [3ms]
2024-11-14 21:27:58.151 [info] fatal: Not a git repository (or any parent up to mount point /WORK)
Stopping at filesystem boundary (GIT_DISCOVERY_ACROSS_FILESYSTEM not set).
2024-11-14 21:28:41.313 [info] > git fetch [5432ms]
2024-11-14 21:28:41.313 [info] fatal: unable to access 'https://github.com/jacobwilliams/json-fortran.git/': Empty reply from server
2024-11-14 21:28:41.320 [warning] [Git][getRemotes] Error: ENOENT: no such file or directory, open '/WORK/thuscc24team04_work/Neko/json-fortran/--git-common-dir/config'
2024-11-14 21:28:41.332 [info] > git config --get commit.template [6ms]
2024-11-14 21:28:41.332 [info] > git remote --verbose [12ms]
2024-11-14 21:28:41.346 [info] > git for-each-ref --format=%(refname)%00%(upstream:short)%00%(objectname) refs/heads/master refs/remotes/master [15ms]
2024-11-14 21:28:41.361 [info] > git rev-list --left-right --count master...origin/master [11ms]
2024-11-14 21:28:41.365 [warning] [Git][revParse] Unable to read file: ENOENT: no such file or directory, open '/WORK/thuscc24team04_work/Neko/json-fortran/.git/refs/remotes/origin/master'
2024-11-14 21:28:41.371 [info] > git rev-parse refs/remotes/origin/master [6ms]
2024-11-14 21:28:41.396 [info] > git for-each-ref --sort -committerdate --format %(refname) %(objectname) %(*objectname) [14ms]
2024-11-14 21:28:41.501 [info] > git status -z -uall [125ms]
2024-11-14 21:28:48.914 [info] > git rev-parse --show-toplevel [2ms]
2024-11-14 21:28:48.914 [info] fatal: Not a git repository (or any parent up to mount point /WORK)
Stopping at filesystem boundary (GIT_DISCOVERY_ACROSS_FILESYSTEM not set).
2024-11-14 21:31:35.910 [info] > git rev-parse --show-toplevel [2ms]
2024-11-14 21:31:35.910 [info] fatal: Not a git repository (or any parent up to mount point /WORK)
Stopping at filesystem boundary (GIT_DISCOVERY_ACROSS_FILESYSTEM not set).
2024-11-14 21:31:37.205 [info] > git rev-parse --show-toplevel [2ms]
2024-11-14 21:31:37.205 [info] fatal: Not a git repository (or any parent up to mount point /WORK)
Stopping at filesystem boundary (GIT_DISCOVERY_ACROSS_FILESYSTEM not set).
2024-11-14 21:33:48.790 [info] > git fetch [127279ms]
2024-11-14 21:33:48.790 [info] fatal: unable to access 'https://github.com/jacobwilliams/json-fortran.git/': Failed connect to github.com:443; Connection timed out
2024-11-14 21:33:48.797 [warning] [Git][getRemotes] Error: ENOENT: no such file or directory, open '/WORK/thuscc24team04_work/Neko/json-fortran/--git-common-dir/config'
2024-11-14 21:33:48.808 [info] > git config --get commit.template [6ms]
2024-11-14 21:33:48.808 [info] > git remote --verbose [11ms]
2024-11-14 21:33:48.821 [info] > git for-each-ref --format=%(refname)%00%(upstream:short)%00%(objectname) refs/heads/master refs/remotes/master [14ms]
2024-11-14 21:33:48.835 [info] > git rev-list --left-right --count master...origin/master [10ms]
2024-11-14 21:33:48.840 [warning] [Git][revParse] Unable to read file: ENOENT: no such file or directory, open '/WORK/thuscc24team04_work/Neko/json-fortran/.git/refs/remotes/origin/master'
2024-11-14 21:33:48.846 [info] > git rev-parse refs/remotes/origin/master [6ms]
2024-11-14 21:33:48.870 [info] > git for-each-ref --sort -committerdate --format %(refname) %(objectname) %(*objectname) [13ms]
2024-11-14 21:33:49.004 [info] > git status -z -uall [152ms]
2024-11-14 21:36:49.876 [info] > git fetch [861ms]
2024-11-14 21:36:49.889 [warning] [Git][getRemotes] Error: ENOENT: no such file or directory, open '/WORK/thuscc24team04_work/Neko/json-fortran/--git-common-dir/config'
2024-11-14 21:36:49.897 [info] > git remote --verbose [9ms]
2024-11-14 21:36:49.903 [info] > git config --get commit.template [9ms]
2024-11-14 21:36:49.916 [info] > git for-each-ref --format=%(refname)%00%(upstream:short)%00%(objectname) refs/heads/master refs/remotes/master [14ms]
2024-11-14 21:36:49.931 [info] > git rev-list --left-right --count master...origin/master [10ms]
2024-11-14 21:36:49.936 [warning] [Git][revParse] Unable to read file: ENOENT: no such file or directory, open '/WORK/thuscc24team04_work/Neko/json-fortran/.git/refs/remotes/origin/master'
2024-11-14 21:36:49.942 [info] > git rev-parse refs/remotes/origin/master [7ms]
2024-11-14 21:36:49.968 [info] > git for-each-ref --sort -committerdate --format %(refname) %(objectname) %(*objectname) [13ms]
2024-11-14 21:36:50.044 [info] > git status -z -uall [97ms]
2024-11-14 21:37:46.540 [info] > git rev-parse --show-toplevel [2ms]
2024-11-14 21:37:46.540 [info] fatal: Not a git repository (or any parent up to mount point /WORK)
Stopping at filesystem boundary (GIT_DISCOVERY_ACROSS_FILESYSTEM not set).
2024-11-14 21:38:05.696 [info] > git rev-parse --show-toplevel [2ms]
2024-11-14 21:38:05.696 [info] fatal: Not a git repository (or any parent up to mount point /WORK)
Stopping at filesystem boundary (GIT_DISCOVERY_ACROSS_FILESYSTEM not set).
2024-11-14 21:38:27.113 [info] > git rev-parse --show-toplevel [2ms]
2024-11-14 21:38:27.113 [info] fatal: Not a git repository (or any parent up to mount point /WORK)
Stopping at filesystem boundary (GIT_DISCOVERY_ACROSS_FILESYSTEM not set).
2024-11-14 21:38:28.463 [info] > git rev-parse --show-toplevel [4ms]
2024-11-14 21:38:28.464 [info] fatal: Not a git repository (or any parent up to mount point /WORK)
Stopping at filesystem boundary (GIT_DISCOVERY_ACROSS_FILESYSTEM not set).
2024-11-14 21:41:14.573 [info] > git rev-parse --show-toplevel [2ms]
2024-11-14 21:41:14.573 [info] fatal: Not a git repository (or any parent up to mount point /WORK)
Stopping at filesystem boundary (GIT_DISCOVERY_ACROSS_FILESYSTEM not set).
2024-11-14 21:42:46.610 [info] > git rev-parse --show-toplevel [2ms]
2024-11-14 21:42:46.610 [info] fatal: Not a git repository (or any parent up to mount point /WORK)
Stopping at filesystem boundary (GIT_DISCOVERY_ACROSS_FILESYSTEM not set).
2024-11-14 21:42:55.884 [info] > git rev-parse --show-toplevel [2ms]
2024-11-14 21:42:55.885 [info] fatal: Not a git repository (or any parent up to mount point /WORK)
Stopping at filesystem boundary (GIT_DISCOVERY_ACROSS_FILESYSTEM not set).
2024-11-14 21:43:21.560 [info] > git rev-parse --show-toplevel [3ms]
2024-11-14 21:43:21.560 [info] fatal: Not a git repository (or any parent up to mount point /WORK)
Stopping at filesystem boundary (GIT_DISCOVERY_ACROSS_FILESYSTEM not set).
2024-11-14 21:44:27.924 [info] > git rev-parse --show-toplevel [2ms]
2024-11-14 21:44:27.925 [info] fatal: Not a git repository (or any parent up to mount point /WORK)
Stopping at filesystem boundary (GIT_DISCOVERY_ACROSS_FILESYSTEM not set).
2024-11-14 21:44:28.375 [info] > git rev-parse --show-toplevel [5ms]
2024-11-14 21:44:28.375 [info] fatal: Not a git repository (or any parent up to mount point /WORK)
Stopping at filesystem boundary (GIT_DISCOVERY_ACROSS_FILESYSTEM not set).
2024-11-14 21:44:54.415 [info] > git rev-parse --show-toplevel [2ms]
2024-11-14 21:44:54.415 [info] fatal: Not a git repository (or any parent up to mount point /WORK)
Stopping at filesystem boundary (GIT_DISCOVERY_ACROSS_FILESYSTEM not set).
2024-11-14 21:44:54.852 [info] > git rev-parse --show-toplevel [6ms]
2024-11-14 21:44:54.852 [info] fatal: Not a git repository (or any parent up to mount point /WORK)
Stopping at filesystem boundary (GIT_DISCOVERY_ACROSS_FILESYSTEM not set).
2024-11-14 21:45:02.441 [info] > git rev-parse --show-toplevel [2ms]
2024-11-14 21:45:02.441 [info] fatal: Not a git repository (or any parent up to mount point /WORK)
Stopping at filesystem boundary (GIT_DISCOVERY_ACROSS_FILESYSTEM not set).
2024-11-14 21:45:02.861 [info] > git rev-parse --show-toplevel [4ms]
2024-11-14 21:45:02.861 [info] fatal: Not a git repository (or any parent up to mount point /WORK)
Stopping at filesystem boundary (GIT_DISCOVERY_ACROSS_FILESYSTEM not set).
2024-11-14 21:47:07.066 [info] > git rev-parse --show-toplevel [2ms]
2024-11-14 21:47:07.066 [info] fatal: Not a git repository (or any parent up to mount point /WORK)
Stopping at filesystem boundary (GIT_DISCOVERY_ACROSS_FILESYSTEM not set).
2024-11-14 21:47:07.542 [info] > git rev-parse --show-toplevel [4ms]
2024-11-14 21:47:07.542 [info] fatal: Not a git repository (or any parent up to mount point /WORK)
Stopping at filesystem boundary (GIT_DISCOVERY_ACROSS_FILESYSTEM not set).
2024-11-14 21:48:25.618 [info] > git rev-parse --show-toplevel [2ms]
2024-11-14 21:48:25.618 [info] fatal: Not a git repository (or any parent up to mount point /WORK)
Stopping at filesystem boundary (GIT_DISCOVERY_ACROSS_FILESYSTEM not set).
2024-11-14 21:48:26.011 [info] > git rev-parse --show-toplevel [9ms]
2024-11-14 21:48:26.011 [info] fatal: Not a git repository (or any parent up to mount point /WORK)
Stopping at filesystem boundary (GIT_DISCOVERY_ACROSS_FILESYSTEM not set).
2024-11-14 21:48:42.780 [info] > git rev-parse --show-toplevel [2ms]
2024-11-14 21:48:42.780 [info] fatal: Not a git repository (or any parent up to mount point /WORK)
Stopping at filesystem boundary (GIT_DISCOVERY_ACROSS_FILESYSTEM not set).
2024-11-14 21:49:03.959 [info] > git rev-parse --show-toplevel [11ms]
2024-11-14 21:49:03.959 [info] fatal: Not a git repository (or any parent up to mount point /WORK)
Stopping at filesystem boundary (GIT_DISCOVERY_ACROSS_FILESYSTEM not set).
2024-11-14 21:49:05.673 [info] > git rev-parse --show-toplevel [4ms]
2024-11-14 21:49:05.673 [info] fatal: Not a git repository (or any parent up to mount point /WORK)
Stopping at filesystem boundary (GIT_DISCOVERY_ACROSS_FILESYSTEM not set).
2024-11-14 21:49:06.291 [info] > git rev-parse --show-toplevel [4ms]
2024-11-14 21:49:06.291 [info] fatal: Not a git repository (or any parent up to mount point /WORK)
Stopping at filesystem boundary (GIT_DISCOVERY_ACROSS_FILESYSTEM not set).
2024-11-14 21:49:08.607 [info] > git rev-parse --show-toplevel [2ms]
2024-11-14 21:49:08.607 [info] fatal: Not a git repository (or any parent up to mount point /WORK)
Stopping at filesystem boundary (GIT_DISCOVERY_ACROSS_FILESYSTEM not set).
2024-11-14 21:49:09.781 [info] > git rev-parse --show-toplevel [6ms]
2024-11-14 21:49:09.782 [info] fatal: Not a git repository (or any parent up to mount point /WORK)
Stopping at filesystem boundary (GIT_DISCOVERY_ACROSS_FILESYSTEM not set).
2024-11-14 21:50:52.004 [info] > git rev-parse --show-toplevel [2ms]
2024-11-14 21:50:52.004 [info] fatal: Not a git repository (or any parent up to mount point /WORK)
Stopping at filesystem boundary (GIT_DISCOVERY_ACROSS_FILESYSTEM not set).
2024-11-14 21:50:52.464 [info] > git rev-parse --show-toplevel [4ms]
2024-11-14 21:50:52.464 [info] fatal: Not a git repository (or any parent up to mount point /WORK)
Stopping at filesystem boundary (GIT_DISCOVERY_ACROSS_FILESYSTEM not set).
2024-11-14 21:54:27.869 [info] > git rev-parse --show-toplevel [2ms]
2024-11-14 21:54:27.870 [info] fatal: Not a git repository (or any parent up to mount point /WORK)
Stopping at filesystem boundary (GIT_DISCOVERY_ACROSS_FILESYSTEM not set).
2024-11-14 21:54:28.297 [info] > git rev-parse --show-toplevel [14ms]
2024-11-14 21:54:28.297 [info] fatal: Not a git repository (or any parent up to mount point /WORK)
Stopping at filesystem boundary (GIT_DISCOVERY_ACROSS_FILESYSTEM not set).
2024-11-14 21:59:34.393 [info] > git rev-parse --show-toplevel [2ms]
2024-11-14 21:59:34.393 [info] fatal: Not a git repository (or any parent up to mount point /WORK)
Stopping at filesystem boundary (GIT_DISCOVERY_ACROSS_FILESYSTEM not set).
2024-11-14 21:59:51.741 [info] > git rev-parse --show-toplevel [8ms]
2024-11-14 21:59:51.741 [info] fatal: Not a git repository (or any parent up to mount point /WORK)
Stopping at filesystem boundary (GIT_DISCOVERY_ACROSS_FILESYSTEM not set).
2024-11-14 22:00:34.839 [info] > git rev-parse --show-toplevel [3ms]
2024-11-14 22:00:34.839 [info] fatal: Not a git repository (or any parent up to mount point /WORK)
Stopping at filesystem boundary (GIT_DISCOVERY_ACROSS_FILESYSTEM not set).
2024-11-14 22:00:55.729 [info] > git rev-parse --show-toplevel [53ms]
2024-11-14 22:00:55.729 [info] fatal: Not a git repository (or any parent up to mount point /WORK)
Stopping at filesystem boundary (GIT_DISCOVERY_ACROSS_FILESYSTEM not set).
2024-11-14 22:01:07.760 [info] > git rev-parse --show-toplevel [74ms]
2024-11-14 22:01:07.760 [info] fatal: Not a git repository (or any parent up to mount point /WORK)
Stopping at filesystem boundary (GIT_DISCOVERY_ACROSS_FILESYSTEM not set).
2024-11-14 22:04:47.748 [info] > git rev-parse --show-toplevel [2ms]
2024-11-14 22:04:47.748 [info] fatal: Not a git repository (or any parent up to mount point /WORK)
Stopping at filesystem boundary (GIT_DISCOVERY_ACROSS_FILESYSTEM not set).
2024-11-14 22:05:22.128 [info] > git rev-parse --show-toplevel [52ms]
2024-11-14 22:05:22.128 [info] fatal: Not a git repository (or any parent up to mount point /WORK)
Stopping at filesystem boundary (GIT_DISCOVERY_ACROSS_FILESYSTEM not set).
2024-11-14 22:09:40.214 [info] > git rev-parse --show-toplevel [39ms]
2024-11-14 22:09:40.214 [info] fatal: Not a git repository (or any parent up to mount point /WORK)
Stopping at filesystem boundary (GIT_DISCOVERY_ACROSS_FILESYSTEM not set).
2024-11-14 22:10:55.965 [info] > git rev-parse --show-toplevel [2ms]
2024-11-14 22:10:55.965 [info] fatal: Not a git repository (or any parent up to mount point /WORK)
Stopping at filesystem boundary (GIT_DISCOVERY_ACROSS_FILESYSTEM not set).
2024-11-14 22:10:56.519 [info] > git rev-parse --show-toplevel [35ms]
2024-11-14 22:10:56.519 [info] fatal: Not a git repository (or any parent up to mount point /WORK)
Stopping at filesystem boundary (GIT_DISCOVERY_ACROSS_FILESYSTEM not set).
2024-11-14 22:24:21.492 [info] > git rev-parse --show-toplevel [47ms]
2024-11-14 22:24:21.492 [info] fatal: Not a git repository (or any parent up to mount point /WORK)
Stopping at filesystem boundary (GIT_DISCOVERY_ACROSS_FILESYSTEM not set).
2024-11-14 22:24:22.024 [info] > git rev-parse --show-toplevel [5ms]
2024-11-14 22:24:22.024 [info] fatal: Not a git repository (or any parent up to mount point /WORK)
Stopping at filesystem boundary (GIT_DISCOVERY_ACROSS_FILESYSTEM not set).
2024-11-14 23:19:17.044 [info] > git rev-parse --show-toplevel [4ms]
2024-11-14 23:19:17.044 [info] fatal: Not a git repository (or any parent up to mount point /WORK)
Stopping at filesystem boundary (GIT_DISCOVERY_ACROSS_FILESYSTEM not set).
2024-11-14 23:44:00.268 [info] > git rev-parse --show-toplevel [3ms]
2024-11-14 23:44:00.268 [info] fatal: Not a git repository (or any parent up to mount point /WORK)
Stopping at filesystem boundary (GIT_DISCOVERY_ACROSS_FILESYSTEM not set).
2024-11-14 23:44:08.500 [info] > git rev-parse --show-toplevel [2ms]
2024-11-14 23:44:08.501 [info] fatal: Not a git repository (or any parent up to mount point /WORK)
Stopping at filesystem boundary (GIT_DISCOVERY_ACROSS_FILESYSTEM not set).
2024-11-14 23:44:12.537 [info] > git rev-parse --show-toplevel [1ms]
2024-11-14 23:44:12.537 [info] fatal: Not a git repository (or any parent up to mount point /WORK)
Stopping at filesystem boundary (GIT_DISCOVERY_ACROSS_FILESYSTEM not set).
2024-11-14 23:44:15.638 [info] > git rev-parse --show-toplevel [4ms]
2024-11-14 23:44:15.638 [info] fatal: Not a git repository (or any parent up to mount point /WORK)
Stopping at filesystem boundary (GIT_DISCOVERY_ACROSS_FILESYSTEM not set).
